<?xml version="1.0" encoding="UTF-8"?>
<!-- Generated by org.testng.reporters.JUnitReportReporter -->
<testsuite skipped="0" hostname="RavindraTDV3700LNo06" name="com.crm.qa.testcases.FreeCrmTest" tests="2" failures="0" timestamp="06 Dec 2018 11:44:47 GMT" time="42.275" errors="2">
  <testcase name="freeCrmTitleTest" time="42.275" classname="com.crm.qa.testcases.FreeCrmTest">
    <error type="java.lang.StackOverflowError">
      <![CDATA[java.lang.StackOverflowError
at com.crm.qa.testcases.FreeCrmTest.takeScreenshot(FreeCrmTest.java:124)
at com.crm.qa.testcases.FreeCrmTest.takeScreenshot(FreeCrmTest.java:124)
at com.crm.qa.testcases.FreeCrmTest.takeScreenshot(FreeCrmTest.java:124)
at com.crm.qa.testcases.FreeCrmTest.takeScreenshot(FreeCrmTest.java:124)
at com.crm.qa.testcases.FreeCrmTest.takeScreenshot(FreeCrmTest.java:124)
at com.crm.qa.testcases.FreeCrmTest.takeScreenshot(FreeCrmTest.java:124)
at com.crm.qa.testcases.FreeCrmTest.takeScreenshot(FreeCrmTest.java:124)
at com.crm.qa.testcases.FreeCrmTest.takeScreenshot(FreeCrmTest.java:124)
at com.crm.qa.testcases.FreeCrmTest.takeScreenshot(FreeCrmTest.java:124)
at com.crm.qa.testcases.FreeCrmTest.takeScreenshot(FreeCrmTest.java:124)
at com.crm.qa.testcases.FreeCrmTest.takeScreenshot(FreeCrmTest.java:124)
at com.crm.qa.testcases.FreeCrmTest.takeScreenshot(FreeCrmTest.java:124)
at com.crm.qa.testcases.FreeCrmTest.takeScreenshot(FreeCrmTest.java:124)
at com.crm.qa.testcases.FreeCrmTest.takeScreenshot(FreeCrmTest.java:124)
at com.crm.qa.testcases.FreeCrmTest.takeScreenshot(FreeCrmTest.java:124)
at com.crm.qa.testcases.FreeCrmTest.takeScreenshot(FreeCrmTest.java:124)
at com.crm.qa.testcases.FreeCrmTest.takeScreenshot(FreeCrmTest.java:124)
at com.crm.qa.testcases.FreeCrmTest.takeScreenshot(FreeCrmTest.java:124)
at com.crm.qa.testcases.FreeCrmTest.takeScreenshot(FreeCrmTest.java:124)
at com.crm.qa.testcases.FreeCrmTest.takeScreenshot(FreeCrmTest.java:124)
at com.crm.qa.testcases.FreeCrmTest.takeScreenshot(FreeCrmTest.java:124)
at com.crm.qa.testcases.FreeCrmTest.takeScreenshot(FreeCrmTest.java:124)
at com.crm.qa.testcases.FreeCrmTest.takeScreenshot(FreeCrmTest.java:124)
at com.crm.qa.testcases.FreeCrmTest.takeScreenshot(FreeCrmTest.java:124)
at com.crm.qa.testcases.FreeCrmTest.takeScreenshot(FreeCrmTest.java:124)
at com.crm.qa.testcases.FreeCrmTest.takeScreenshot(FreeCrmTest.java:124)
at com.crm.qa.testcases.FreeCrmTest.takeScreenshot(FreeCrmTest.java:124)
at com.crm.qa.testcases.FreeCrmTest.takeScreenshot(FreeCrmTest.java:124)
at com.crm.qa.testcases.FreeCrmTest.takeScreenshot(FreeCrmTest.java:124)
at com.crm.qa.testcases.FreeCrmTest.takeScreenshot(FreeCrmTest.java:124)
at com.crm.qa.testcases.FreeCrmTest.takeScreenshot(FreeCrmTest.java:124)
at com.crm.qa.testcases.FreeCrmTest.takeScreenshot(FreeCrmTest.java:124)
at com.crm.qa.testcases.FreeCrmTest.takeScreenshot(FreeCrmTest.java:124)
at com.crm.qa.testcases.FreeCrmTest.takeScreenshot(FreeCrmTest.java:124)
at com.crm.qa.testcases.FreeCrmTest.takeScreenshot(FreeCrmTest.java:124)
at com.crm.qa.testcases.FreeCrmTest.takeScreenshot(FreeCrmTest.java:124)
at com.crm.qa.testcases.FreeCrmTest.takeScreenshot(FreeCrmTest.java:124)
at com.crm.qa.testcases.FreeCrmTest.takeScreenshot(FreeCrmTest.java:124)
at com.crm.qa.testcases.FreeCrmTest.takeScreenshot(FreeCrmTest.java:124)
at com.crm.qa.testcases.FreeCrmTest.takeScreenshot(FreeCrmTest.java:124)
at com.crm.qa.testcases.FreeCrmTest.takeScreenshot(FreeCrmTest.java:124)
at com.crm.qa.testcases.FreeCrmTest.takeScreenshot(FreeCrmTest.java:124)
at com.crm.qa.testcases.FreeCrmTest.takeScreenshot(FreeCrmTest.java:124)
at com.crm.qa.testcases.FreeCrmTest.takeScreenshot(FreeCrmTest.java:124)
at com.crm.qa.testcases.FreeCrmTest.takeScreenshot(FreeCrmTest.java:124)
at com.crm.qa.testcases.FreeCrmTest.takeScreenshot(FreeCrmTest.java:124)
at com.crm.qa.testcases.FreeCrmTest.takeScreenshot(FreeCrmTest.java:124)
at com.crm.qa.testcases.FreeCrmTest.takeScreenshot(FreeCrmTest.java:124)
at com.crm.qa.testcases.FreeCrmTest.takeScreenshot(FreeCrmTest.java:124)
at com.crm.qa.testcases.FreeCrmTest.takeScreenshot(FreeCrmTest.java:124)
at com.crm.qa.testcases.FreeCrmTest.takeScreenshot(FreeCrmTest.java:124)
at com.crm.qa.testcases.FreeCrmTest.takeScreenshot(FreeCrmTest.java:124)
at com.crm.qa.testcases.FreeCrmTest.takeScreenshot(FreeCrmTest.java:124)
at com.crm.qa.testcases.FreeCrmTest.takeScreenshot(FreeCrmTest.java:124)
at com.crm.qa.testcases.FreeCrmTest.takeScreenshot(FreeCrmTest.java:124)
at com.crm.qa.testcases.FreeCrmTest.takeScreenshot(FreeCrmTest.java:124)
at com.crm.qa.testcases.FreeCrmTest.takeScreenshot(FreeCrmTest.java:124)
at com.crm.qa.testcases.FreeCrmTest.takeScreenshot(FreeCrmTest.java:124)
at com.crm.qa.testcases.FreeCrmTest.takeScreenshot(FreeCrmTest.java:124)
at com.crm.qa.testcases.FreeCrmTest.takeScreenshot(FreeCrmTest.java:124)
at com.crm.qa.testcases.FreeCrmTest.takeScreenshot(FreeCrmTest.java:124)
at com.crm.qa.testcases.FreeCrmTest.takeScreenshot(FreeCrmTest.java:124)
at com.crm.qa.testcases.FreeCrmTest.takeScreenshot(FreeCrmTest.java:124)
at com.crm.qa.testcases.FreeCrmTest.takeScreenshot(FreeCrmTest.java:124)
at com.crm.qa.testcases.FreeCrmTest.takeScreenshot(FreeCrmTest.java:124)
at com.crm.qa.testcases.FreeCrmTest.takeScreenshot(FreeCrmTest.java:124)
at com.crm.qa.testcases.FreeCrmTest.takeScreenshot(FreeCrmTest.java:124)
at com.crm.qa.testcases.FreeCrmTest.takeScreenshot(FreeCrmTest.java:124)
at com.crm.qa.testcases.FreeCrmTest.takeScreenshot(FreeCrmTest.java:124)
at com.crm.qa.testcases.FreeCrmTest.takeScreenshot(FreeCrmTest.java:124)
at com.crm.qa.testcases.FreeCrmTest.takeScreenshot(FreeCrmTest.java:124)
at com.crm.qa.testcases.FreeCrmTest.takeScreenshot(FreeCrmTest.java:124)
at com.crm.qa.testcases.FreeCrmTest.takeScreenshot(FreeCrmTest.java:124)
at com.crm.qa.testcases.FreeCrmTest.takeScreenshot(FreeCrmTest.java:124)
at com.crm.qa.testcases.FreeCrmTest.takeScreenshot(FreeCrmTest.java:124)
at com.crm.qa.testcases.FreeCrmTest.takeScreenshot(FreeCrmTest.java:124)
at com.crm.qa.testcases.FreeCrmTest.takeScreenshot(FreeCrmTest.java:124)
at com.crm.qa.testcases.FreeCrmTest.takeScreenshot(FreeCrmTest.java:124)
at com.crm.qa.testcases.FreeCrmTest.takeScreenshot(FreeCrmTest.java:124)
at com.crm.qa.testcases.FreeCrmTest.takeScreenshot(FreeCrmTest.java:124)
at com.crm.qa.testcases.FreeCrmTest.takeScreenshot(FreeCrmTest.java:124)
at com.crm.qa.testcases.FreeCrmTest.takeScreenshot(FreeCrmTest.java:124)
at com.crm.qa.testcases.FreeCrmTest.takeScreenshot(FreeCrmTest.java:124)
at com.crm.qa.testcases.FreeCrmTest.takeScreenshot(FreeCrmTest.java:124)
at com.crm.qa.testcases.FreeCrmTest.takeScreenshot(FreeCrmTest.java:124)
at com.crm.qa.testcases.FreeCrmTest.takeScreenshot(FreeCrmTest.java:124)
at com.crm.qa.testcases.FreeCrmTest.takeScreenshot(FreeCrmTest.java:124)
at com.crm.qa.testcases.FreeCrmTest.takeScreenshot(FreeCrmTest.java:124)
at com.crm.qa.testcases.FreeCrmTest.takeScreenshot(FreeCrmTest.java:124)
at com.crm.qa.testcases.FreeCrmTest.takeScreenshot(FreeCrmTest.java:124)
at com.crm.qa.testcases.FreeCrmTest.takeScreenshot(FreeCrmTest.java:124)
at com.crm.qa.testcases.FreeCrmTest.takeScreenshot(FreeCrmTest.java:124)
at com.crm.qa.testcases.FreeCrmTest.takeScreenshot(FreeCrmTest.java:124)
at com.crm.qa.testcases.FreeCrmTest.takeScreenshot(FreeCrmTest.java:124)
at com.crm.qa.testcases.FreeCrmTest.takeScreenshot(FreeCrmTest.java:124)
at com.crm.qa.testcases.FreeCrmTest.takeScreenshot(FreeCrmTest.java:124)
at com.crm.qa.testcases.FreeCrmTest.takeScreenshot(FreeCrmTest.java:124)
at com.crm.qa.testcases.FreeCrmTest.takeScreenshot(FreeCrmTest.java:124)
at com.crm.qa.testcases.FreeCrmTest.takeScreenshot(FreeCrmTest.java:124)
at com.crm.qa.testcases.FreeCrmTest.takeScreenshot(FreeCrmTest.java:124)
at com.crm.qa.testcases.FreeCrmTest.takeScreenshot(FreeCrmTest.java:124)
at com.crm.qa.testcases.FreeCrmTest.takeScreenshot(FreeCrmTest.java:124)
at com.crm.qa.testcases.FreeCrmTest.takeScreenshot(FreeCrmTest.java:124)
at com.crm.qa.testcases.FreeCrmTest.takeScreenshot(FreeCrmTest.java:124)
at com.crm.qa.testcases.FreeCrmTest.takeScreenshot(FreeCrmTest.java:124)
at com.crm.qa.testcases.FreeCrmTest.takeScreenshot(FreeCrmTest.java:124)
at com.crm.qa.testcases.FreeCrmTest.takeScreenshot(FreeCrmTest.java:124)
at com.crm.qa.testcases.FreeCrmTest.takeScreenshot(FreeCrmTest.java:124)
at com.crm.qa.testcases.FreeCrmTest.takeScreenshot(FreeCrmTest.java:124)
at com.crm.qa.testcases.FreeCrmTest.takeScreenshot(FreeCrmTest.java:124)
at com.crm.qa.testcases.FreeCrmTest.takeScreenshot(FreeCrmTest.java:124)
at com.crm.qa.testcases.FreeCrmTest.takeScreenshot(FreeCrmTest.java:124)
at com.crm.qa.testcases.FreeCrmTest.takeScreenshot(FreeCrmTest.java:124)
at com.crm.qa.testcases.FreeCrmTest.takeScreenshot(FreeCrmTest.java:124)
at com.crm.qa.testcases.FreeCrmTest.takeScreenshot(FreeCrmTest.java:124)
at com.crm.qa.testcases.FreeCrmTest.takeScreenshot(FreeCrmTest.java:124)
at com.crm.qa.testcases.FreeCrmTest.takeScreenshot(FreeCrmTest.java:124)
at com.crm.qa.testcases.FreeCrmTest.takeScreenshot(FreeCrmTest.java:124)
at com.crm.qa.testcases.FreeCrmTest.takeScreenshot(FreeCrmTest.java:124)
at com.crm.qa.testcases.FreeCrmTest.takeScreenshot(FreeCrmTest.java:124)
at com.crm.qa.testcases.FreeCrmTest.takeScreenshot(FreeCrmTest.java:124)
at com.crm.qa.testcases.FreeCrmTest.takeScreenshot(FreeCrmTest.java:124)
at com.crm.qa.testcases.FreeCrmTest.takeScreenshot(FreeCrmTest.java:124)
at com.crm.qa.testcases.FreeCrmTest.takeScreenshot(FreeCrmTest.java:124)
at com.crm.qa.testcases.FreeCrmTest.takeScreenshot(FreeCrmTest.java:124)
at com.crm.qa.testcases.FreeCrmTest.takeScreenshot(FreeCrmTest.java:124)
at com.crm.qa.testcases.FreeCrmTest.takeScreenshot(FreeCrmTest.java:124)
at com.crm.qa.testcases.FreeCrmTest.takeScreenshot(FreeCrmTest.java:124)
at com.crm.qa.testcases.FreeCrmTest.takeScreenshot(FreeCrmTest.java:124)
at com.crm.qa.testcases.FreeCrmTest.takeScreenshot(FreeCrmTest.java:124)
at com.crm.qa.testcases.FreeCrmTest.takeScreenshot(FreeCrmTest.java:124)
at com.crm.qa.testcases.FreeCrmTest.takeScreenshot(FreeCrmTest.java:124)
at com.crm.qa.testcases.FreeCrmTest.takeScreenshot(FreeCrmTest.java:124)
at com.crm.qa.testcases.FreeCrmTest.takeScreenshot(FreeCrmTest.java:124)
at com.crm.qa.testcases.FreeCrmTest.takeScreenshot(FreeCrmTest.java:124)
at com.crm.qa.testcases.FreeCrmTest.takeScreenshot(FreeCrmTest.java:124)
at com.crm.qa.testcases.FreeCrmTest.takeScreenshot(FreeCrmTest.java:124)
at com.crm.qa.testcases.FreeCrmTest.takeScreenshot(FreeCrmTest.java:124)
at com.crm.qa.testcases.FreeCrmTest.takeScreenshot(FreeCrmTest.java:124)
at com.crm.qa.testcases.FreeCrmTest.takeScreenshot(FreeCrmTest.java:124)
at com.crm.qa.testcases.FreeCrmTest.takeScreenshot(FreeCrmTest.java:124)
at com.crm.qa.testcases.FreeCrmTest.takeScreenshot(FreeCrmTest.java:124)
at com.crm.qa.testcases.FreeCrmTest.takeScreenshot(FreeCrmTest.java:124)
at com.crm.qa.testcases.FreeCrmTest.takeScreenshot(FreeCrmTest.java:124)
at com.crm.qa.testcases.FreeCrmTest.takeScreenshot(FreeCrmTest.java:124)
at com.crm.qa.testcases.FreeCrmTest.takeScreenshot(FreeCrmTest.java:124)
at com.crm.qa.testcases.FreeCrmTest.takeScreenshot(FreeCrmTest.java:124)
at com.crm.qa.testcases.FreeCrmTest.takeScreenshot(FreeCrmTest.java:124)
at com.crm.qa.testcases.FreeCrmTest.takeScreenshot(FreeCrmTest.java:124)
at com.crm.qa.testcases.FreeCrmTest.takeScreenshot(FreeCrmTest.java:124)
at com.crm.qa.testcases.FreeCrmTest.takeScreenshot(FreeCrmTest.java:124)
at com.crm.qa.testcases.FreeCrmTest.takeScreenshot(FreeCrmTest.java:124)
at com.crm.qa.testcases.FreeCrmTest.takeScreenshot(FreeCrmTest.java:124)
at com.crm.qa.testcases.FreeCrmTest.takeScreenshot(FreeCrmTest.java:124)
at com.crm.qa.testcases.FreeCrmTest.takeScreenshot(FreeCrmTest.java:124)
at com.crm.qa.testcases.FreeCrmTest.takeScreenshot(FreeCrmTest.java:124)
at com.crm.qa.testcases.FreeCrmTest.takeScreenshot(FreeCrmTest.java:124)
at com.crm.qa.testcases.FreeCrmTest.takeScreenshot(FreeCrmTest.java:124)
at com.crm.qa.testcases.FreeCrmTest.takeScreenshot(FreeCrmTest.java:124)
at com.crm.qa.testcases.FreeCrmTest.takeScreenshot(FreeCrmTest.java:124)
at com.crm.qa.testcases.FreeCrmTest.takeScreenshot(FreeCrmTest.java:124)
at com.crm.qa.testcases.FreeCrmTest.takeScreenshot(FreeCrmTest.java:124)
at com.crm.qa.testcases.FreeCrmTest.takeScreenshot(FreeCrmTest.java:124)
at com.crm.qa.testcases.FreeCrmTest.takeScreenshot(FreeCrmTest.java:124)
at com.crm.qa.testcases.FreeCrmTest.takeScreenshot(FreeCrmTest.java:124)
at com.crm.qa.testcases.FreeCrmTest.takeScreenshot(FreeCrmTest.java:124)
at com.crm.qa.testcases.FreeCrmTest.takeScreenshot(FreeCrmTest.java:124)
at com.crm.qa.testcases.FreeCrmTest.takeScreenshot(FreeCrmTest.java:124)
at com.crm.qa.testcases.FreeCrmTest.takeScreenshot(FreeCrmTest.java:124)
at com.crm.qa.testcases.FreeCrmTest.takeScreenshot(FreeCrmTest.java:124)
at com.crm.qa.testcases.FreeCrmTest.takeScreenshot(FreeCrmTest.java:124)
at com.crm.qa.testcases.FreeCrmTest.takeScreenshot(FreeCrmTest.java:124)
at com.crm.qa.testcases.FreeCrmTest.takeScreenshot(FreeCrmTest.java:124)
at com.crm.qa.testcases.FreeCrmTest.takeScreenshot(FreeCrmTest.java:124)
at com.crm.qa.testcases.FreeCrmTest.takeScreenshot(FreeCrmTest.java:124)
at com.crm.qa.testcases.FreeCrmTest.takeScreenshot(FreeCrmTest.java:124)
at com.crm.qa.testcases.FreeCrmTest.takeScreenshot(FreeCrmTest.java:124)
at com.crm.qa.testcases.FreeCrmTest.takeScreenshot(FreeCrmTest.java:124)
at com.crm.qa.testcases.FreeCrmTest.takeScreenshot(FreeCrmTest.java:124)
at com.crm.qa.testcases.FreeCrmTest.takeScreenshot(FreeCrmTest.java:124)
at com.crm.qa.testcases.FreeCrmTest.takeScreenshot(FreeCrmTest.java:124)
at com.crm.qa.testcases.FreeCrmTest.takeScreenshot(FreeCrmTest.java:124)
at com.crm.qa.testcases.FreeCrmTest.takeScreenshot(FreeCrmTest.java:124)
at com.crm.qa.testcases.FreeCrmTest.takeScreenshot(FreeCrmTest.java:124)
at com.crm.qa.testcases.FreeCrmTest.takeScreenshot(FreeCrmTest.java:124)
at com.crm.qa.testcases.FreeCrmTest.takeScreenshot(FreeCrmTest.java:124)
at com.crm.qa.testcases.FreeCrmTest.takeScreenshot(FreeCrmTest.java:124)
at com.crm.qa.testcases.FreeCrmTest.takeScreenshot(FreeCrmTest.java:124)
at com.crm.qa.testcases.FreeCrmTest.takeScreenshot(FreeCrmTest.java:124)
at com.crm.qa.testcases.FreeCrmTest.takeScreenshot(FreeCrmTest.java:124)
at com.crm.qa.testcases.FreeCrmTest.takeScreenshot(FreeCrmTest.java:124)
at com.crm.qa.testcases.FreeCrmTest.takeScreenshot(FreeCrmTest.java:124)
at com.crm.qa.testcases.FreeCrmTest.takeScreenshot(FreeCrmTest.java:124)
at com.crm.qa.testcases.FreeCrmTest.takeScreenshot(FreeCrmTest.java:124)
at com.crm.qa.testcases.FreeCrmTest.takeScreenshot(FreeCrmTest.java:124)
at com.crm.qa.testcases.FreeCrmTest.takeScreenshot(FreeCrmTest.java:124)
at com.crm.qa.testcases.FreeCrmTest.takeScreenshot(FreeCrmTest.java:124)
at com.crm.qa.testcases.FreeCrmTest.takeScreenshot(FreeCrmTest.java:124)
at com.crm.qa.testcases.FreeCrmTest.takeScreenshot(FreeCrmTest.java:124)
at com.crm.qa.testcases.FreeCrmTest.takeScreenshot(FreeCrmTest.java:124)
at com.crm.qa.testcases.FreeCrmTest.takeScreenshot(FreeCrmTest.java:124)
at com.crm.qa.testcases.FreeCrmTest.takeScreenshot(FreeCrmTest.java:124)
at com.crm.qa.testcases.FreeCrmTest.takeScreenshot(FreeCrmTest.java:124)
at com.crm.qa.testcases.FreeCrmTest.takeScreenshot(FreeCrmTest.java:124)
at com.crm.qa.testcases.FreeCrmTest.takeScreenshot(FreeCrmTest.java:124)
at com.crm.qa.testcases.FreeCrmTest.takeScreenshot(FreeCrmTest.java:124)
at com.crm.qa.testcases.FreeCrmTest.takeScreenshot(FreeCrmTest.java:124)
at com.crm.qa.testcases.FreeCrmTest.takeScreenshot(FreeCrmTest.java:124)
at com.crm.qa.testcases.FreeCrmTest.takeScreenshot(FreeCrmTest.java:124)
at com.crm.qa.testcases.FreeCrmTest.takeScreenshot(FreeCrmTest.java:124)
at com.crm.qa.testcases.FreeCrmTest.takeScreenshot(FreeCrmTest.java:124)
at com.crm.qa.testcases.FreeCrmTest.takeScreenshot(FreeCrmTest.java:124)
at com.crm.qa.testcases.FreeCrmTest.takeScreenshot(FreeCrmTest.java:124)
at com.crm.qa.testcases.FreeCrmTest.takeScreenshot(FreeCrmTest.java:124)
at com.crm.qa.testcases.FreeCrmTest.takeScreenshot(FreeCrmTest.java:124)
at com.crm.qa.testcases.FreeCrmTest.takeScreenshot(FreeCrmTest.java:124)
at com.crm.qa.testcases.FreeCrmTest.takeScreenshot(FreeCrmTest.java:124)
at com.crm.qa.testcases.FreeCrmTest.takeScreenshot(FreeCrmTest.java:124)
at com.crm.qa.testcases.FreeCrmTest.takeScreenshot(FreeCrmTest.java:124)
at com.crm.qa.testcases.FreeCrmTest.takeScreenshot(FreeCrmTest.java:124)
at com.crm.qa.testcases.FreeCrmTest.takeScreenshot(FreeCrmTest.java:124)
at com.crm.qa.testcases.FreeCrmTest.takeScreenshot(FreeCrmTest.java:124)
at com.crm.qa.testcases.FreeCrmTest.takeScreenshot(FreeCrmTest.java:124)
at com.crm.qa.testcases.FreeCrmTest.takeScreenshot(FreeCrmTest.java:124)
at com.crm.qa.testcases.FreeCrmTest.takeScreenshot(FreeCrmTest.java:124)
at com.crm.qa.testcases.FreeCrmTest.takeScreenshot(FreeCrmTest.java:124)
at com.crm.qa.testcases.FreeCrmTest.takeScreenshot(FreeCrmTest.java:124)
at com.crm.qa.testcases.FreeCrmTest.takeScreenshot(FreeCrmTest.java:124)
at com.crm.qa.testcases.FreeCrmTest.takeScreenshot(FreeCrmTest.java:124)
at com.crm.qa.testcases.FreeCrmTest.takeScreenshot(FreeCrmTest.java:124)
at com.crm.qa.testcases.FreeCrmTest.takeScreenshot(FreeCrmTest.java:124)
at com.crm.qa.testcases.FreeCrmTest.takeScreenshot(FreeCrmTest.java:124)
at com.crm.qa.testcases.FreeCrmTest.takeScreenshot(FreeCrmTest.java:124)
at com.crm.qa.testcases.FreeCrmTest.takeScreenshot(FreeCrmTest.java:124)
at com.crm.qa.testcases.FreeCrmTest.takeScreenshot(FreeCrmTest.java:124)
at com.crm.qa.testcases.FreeCrmTest.takeScreenshot(FreeCrmTest.java:124)
at com.crm.qa.testcases.FreeCrmTest.takeScreenshot(FreeCrmTest.java:124)
at com.crm.qa.testcases.FreeCrmTest.takeScreenshot(FreeCrmTest.java:124)
at com.crm.qa.testcases.FreeCrmTest.takeScreenshot(FreeCrmTest.java:124)
at com.crm.qa.testcases.FreeCrmTest.takeScreenshot(FreeCrmTest.java:124)
at com.crm.qa.testcases.FreeCrmTest.takeScreenshot(FreeCrmTest.java:124)
at com.crm.qa.testcases.FreeCrmTest.takeScreenshot(FreeCrmTest.java:124)
at com.crm.qa.testcases.FreeCrmTest.takeScreenshot(FreeCrmTest.java:124)
at com.crm.qa.testcases.FreeCrmTest.takeScreenshot(FreeCrmTest.java:124)
at com.crm.qa.testcases.FreeCrmTest.takeScreenshot(FreeCrmTest.java:124)
at com.crm.qa.testcases.FreeCrmTest.takeScreenshot(FreeCrmTest.java:124)
at com.crm.qa.testcases.FreeCrmTest.takeScreenshot(FreeCrmTest.java:124)
at com.crm.qa.testcases.FreeCrmTest.takeScreenshot(FreeCrmTest.java:124)
at com.crm.qa.testcases.FreeCrmTest.takeScreenshot(FreeCrmTest.java:124)
at com.crm.qa.testcases.FreeCrmTest.takeScreenshot(FreeCrmTest.java:124)
at com.crm.qa.testcases.FreeCrmTest.takeScreenshot(FreeCrmTest.java:124)
at com.crm.qa.testcases.FreeCrmTest.takeScreenshot(FreeCrmTest.java:124)
at com.crm.qa.testcases.FreeCrmTest.takeScreenshot(FreeCrmTest.java:124)
at com.crm.qa.testcases.FreeCrmTest.takeScreenshot(FreeCrmTest.java:124)
at com.crm.qa.testcases.FreeCrmTest.takeScreenshot(FreeCrmTest.java:124)
at com.crm.qa.testcases.FreeCrmTest.takeScreenshot(FreeCrmTest.java:124)
at com.crm.qa.testcases.FreeCrmTest.takeScreenshot(FreeCrmTest.java:124)
at com.crm.qa.testcases.FreeCrmTest.takeScreenshot(FreeCrmTest.java:124)
at com.crm.qa.testcases.FreeCrmTest.takeScreenshot(FreeCrmTest.java:124)
at com.crm.qa.testcases.FreeCrmTest.takeScreenshot(FreeCrmTest.java:124)
at com.crm.qa.testcases.FreeCrmTest.takeScreenshot(FreeCrmTest.java:124)
at com.crm.qa.testcases.FreeCrmTest.takeScreenshot(FreeCrmTest.java:124)
at com.crm.qa.testcases.FreeCrmTest.takeScreenshot(FreeCrmTest.java:124)
at com.crm.qa.testcases.FreeCrmTest.takeScreenshot(FreeCrmTest.java:124)
at com.crm.qa.testcases.FreeCrmTest.takeScreenshot(FreeCrmTest.java:124)
at com.crm.qa.testcases.FreeCrmTest.takeScreenshot(FreeCrmTest.java:124)
at com.crm.qa.testcases.FreeCrmTest.takeScreenshot(FreeCrmTest.java:124)
at com.crm.qa.testcases.FreeCrmTest.takeScreenshot(FreeCrmTest.java:124)
at com.crm.qa.testcases.FreeCrmTest.takeScreenshot(FreeCrmTest.java:124)
at com.crm.qa.testcases.FreeCrmTest.takeScreenshot(FreeCrmTest.java:124)
at com.crm.qa.testcases.FreeCrmTest.takeScreenshot(FreeCrmTest.java:124)
at com.crm.qa.testcases.FreeCrmTest.takeScreenshot(FreeCrmTest.java:124)
at com.crm.qa.testcases.FreeCrmTest.takeScreenshot(FreeCrmTest.java:124)
at com.crm.qa.testcases.FreeCrmTest.takeScreenshot(FreeCrmTest.java:124)
at com.crm.qa.testcases.FreeCrmTest.takeScreenshot(FreeCrmTest.java:124)
at com.crm.qa.testcases.FreeCrmTest.takeScreenshot(FreeCrmTest.java:124)
at com.crm.qa.testcases.FreeCrmTest.takeScreenshot(FreeCrmTest.java:124)
at com.crm.qa.testcases.FreeCrmTest.takeScreenshot(FreeCrmTest.java:124)
at com.crm.qa.testcases.FreeCrmTest.takeScreenshot(FreeCrmTest.java:124)
at com.crm.qa.testcases.FreeCrmTest.takeScreenshot(FreeCrmTest.java:124)
at com.crm.qa.testcases.FreeCrmTest.takeScreenshot(FreeCrmTest.java:124)
at com.crm.qa.testcases.FreeCrmTest.takeScreenshot(FreeCrmTest.java:124)
at com.crm.qa.testcases.FreeCrmTest.takeScreenshot(FreeCrmTest.java:124)
at com.crm.qa.testcases.FreeCrmTest.takeScreenshot(FreeCrmTest.java:124)
at com.crm.qa.testcases.FreeCrmTest.takeScreenshot(FreeCrmTest.java:124)
at com.crm.qa.testcases.FreeCrmTest.takeScreenshot(FreeCrmTest.java:124)
at com.crm.qa.testcases.FreeCrmTest.takeScreenshot(FreeCrmTest.java:124)
at com.crm.qa.testcases.FreeCrmTest.takeScreenshot(FreeCrmTest.java:124)
at com.crm.qa.testcases.FreeCrmTest.takeScreenshot(FreeCrmTest.java:124)
at com.crm.qa.testcases.FreeCrmTest.takeScreenshot(FreeCrmTest.java:124)
at com.crm.qa.testcases.FreeCrmTest.takeScreenshot(FreeCrmTest.java:124)
at com.crm.qa.testcases.FreeCrmTest.takeScreenshot(FreeCrmTest.java:124)
at com.crm.qa.testcases.FreeCrmTest.takeScreenshot(FreeCrmTest.java:124)
at com.crm.qa.testcases.FreeCrmTest.takeScreenshot(FreeCrmTest.java:124)
at com.crm.qa.testcases.FreeCrmTest.takeScreenshot(FreeCrmTest.java:124)
at com.crm.qa.testcases.FreeCrmTest.takeScreenshot(FreeCrmTest.java:124)
at com.crm.qa.testcases.FreeCrmTest.takeScreenshot(FreeCrmTest.java:124)
at com.crm.qa.testcases.FreeCrmTest.takeScreenshot(FreeCrmTest.java:124)
at com.crm.qa.testcases.FreeCrmTest.takeScreenshot(FreeCrmTest.java:124)
at com.crm.qa.testcases.FreeCrmTest.takeScreenshot(FreeCrmTest.java:124)
at com.crm.qa.testcases.FreeCrmTest.takeScreenshot(FreeCrmTest.java:124)
at com.crm.qa.testcases.FreeCrmTest.takeScreenshot(FreeCrmTest.java:124)
at com.crm.qa.testcases.FreeCrmTest.takeScreenshot(FreeCrmTest.java:124)
at com.crm.qa.testcases.FreeCrmTest.takeScreenshot(FreeCrmTest.java:124)
at com.crm.qa.testcases.FreeCrmTest.takeScreenshot(FreeCrmTest.java:124)
at com.crm.qa.testcases.FreeCrmTest.takeScreenshot(FreeCrmTest.java:124)
at com.crm.qa.testcases.FreeCrmTest.takeScreenshot(FreeCrmTest.java:124)
at com.crm.qa.testcases.FreeCrmTest.takeScreenshot(FreeCrmTest.java:124)
at com.crm.qa.testcases.FreeCrmTest.takeScreenshot(FreeCrmTest.java:124)
at com.crm.qa.testcases.FreeCrmTest.takeScreenshot(FreeCrmTest.java:124)
at com.crm.qa.testcases.FreeCrmTest.takeScreenshot(FreeCrmTest.java:124)
at com.crm.qa.testcases.FreeCrmTest.takeScreenshot(FreeCrmTest.java:124)
at com.crm.qa.testcases.FreeCrmTest.takeScreenshot(FreeCrmTest.java:124)
at com.crm.qa.testcases.FreeCrmTest.takeScreenshot(FreeCrmTest.java:124)
at com.crm.qa.testcases.FreeCrmTest.takeScreenshot(FreeCrmTest.java:124)
at com.crm.qa.testcases.FreeCrmTest.takeScreenshot(FreeCrmTest.java:124)
at com.crm.qa.testcases.FreeCrmTest.takeScreenshot(FreeCrmTest.java:124)
at com.crm.qa.testcases.FreeCrmTest.takeScreenshot(FreeCrmTest.java:124)
at com.crm.qa.testcases.FreeCrmTest.takeScreenshot(FreeCrmTest.java:124)
at com.crm.qa.testcases.FreeCrmTest.takeScreenshot(FreeCrmTest.java:124)
at com.crm.qa.testcases.FreeCrmTest.takeScreenshot(FreeCrmTest.java:124)
at com.crm.qa.testcases.FreeCrmTest.takeScreenshot(FreeCrmTest.java:124)
at com.crm.qa.testcases.FreeCrmTest.takeScreenshot(FreeCrmTest.java:124)
at com.crm.qa.testcases.FreeCrmTest.takeScreenshot(FreeCrmTest.java:124)
at com.crm.qa.testcases.FreeCrmTest.takeScreenshot(FreeCrmTest.java:124)
at com.crm.qa.testcases.FreeCrmTest.takeScreenshot(FreeCrmTest.java:124)
at com.crm.qa.testcases.FreeCrmTest.takeScreenshot(FreeCrmTest.java:124)
at com.crm.qa.testcases.FreeCrmTest.takeScreenshot(FreeCrmTest.java:124)
at com.crm.qa.testcases.FreeCrmTest.takeScreenshot(FreeCrmTest.java:124)
at com.crm.qa.testcases.FreeCrmTest.takeScreenshot(FreeCrmTest.java:124)
at com.crm.qa.testcases.FreeCrmTest.takeScreenshot(FreeCrmTest.java:124)
at com.crm.qa.testcases.FreeCrmTest.takeScreenshot(FreeCrmTest.java:124)
at com.crm.qa.testcases.FreeCrmTest.takeScreenshot(FreeCrmTest.java:124)
at com.crm.qa.testcases.FreeCrmTest.takeScreenshot(FreeCrmTest.java:124)
at com.crm.qa.testcases.FreeCrmTest.takeScreenshot(FreeCrmTest.java:124)
at com.crm.qa.testcases.FreeCrmTest.takeScreenshot(FreeCrmTest.java:124)
at com.crm.qa.testcases.FreeCrmTest.takeScreenshot(FreeCrmTest.java:124)
at com.crm.qa.testcases.FreeCrmTest.takeScreenshot(FreeCrmTest.java:124)
at com.crm.qa.testcases.FreeCrmTest.takeScreenshot(FreeCrmTest.java:124)
at com.crm.qa.testcases.FreeCrmTest.takeScreenshot(FreeCrmTest.java:124)
at com.crm.qa.testcases.FreeCrmTest.takeScreenshot(FreeCrmTest.java:124)
at com.crm.qa.testcases.FreeCrmTest.takeScreenshot(FreeCrmTest.java:124)
at com.crm.qa.testcases.FreeCrmTest.takeScreenshot(FreeCrmTest.java:124)
at com.crm.qa.testcases.FreeCrmTest.takeScreenshot(FreeCrmTest.java:124)
at com.crm.qa.testcases.FreeCrmTest.takeScreenshot(FreeCrmTest.java:124)
at com.crm.qa.testcases.FreeCrmTest.takeScreenshot(FreeCrmTest.java:124)
at com.crm.qa.testcases.FreeCrmTest.takeScreenshot(FreeCrmTest.java:124)
at com.crm.qa.testcases.FreeCrmTest.takeScreenshot(FreeCrmTest.java:124)
at com.crm.qa.testcases.FreeCrmTest.takeScreenshot(FreeCrmTest.java:124)
at com.crm.qa.testcases.FreeCrmTest.takeScreenshot(FreeCrmTest.java:124)
at com.crm.qa.testcases.FreeCrmTest.takeScreenshot(FreeCrmTest.java:124)
at com.crm.qa.testcases.FreeCrmTest.takeScreenshot(FreeCrmTest.java:124)
at com.crm.qa.testcases.FreeCrmTest.takeScreenshot(FreeCrmTest.java:124)
at com.crm.qa.testcases.FreeCrmTest.takeScreenshot(FreeCrmTest.java:124)
at com.crm.qa.testcases.FreeCrmTest.takeScreenshot(FreeCrmTest.java:124)
at com.crm.qa.testcases.FreeCrmTest.takeScreenshot(FreeCrmTest.java:124)
at com.crm.qa.testcases.FreeCrmTest.takeScreenshot(FreeCrmTest.java:124)
at com.crm.qa.testcases.FreeCrmTest.takeScreenshot(FreeCrmTest.java:124)
at com.crm.qa.testcases.FreeCrmTest.takeScreenshot(FreeCrmTest.java:124)
at com.crm.qa.testcases.FreeCrmTest.takeScreenshot(FreeCrmTest.java:124)
at com.crm.qa.testcases.FreeCrmTest.takeScreenshot(FreeCrmTest.java:124)
at com.crm.qa.testcases.FreeCrmTest.takeScreenshot(FreeCrmTest.java:124)
at com.crm.qa.testcases.FreeCrmTest.takeScreenshot(FreeCrmTest.java:124)
at com.crm.qa.testcases.FreeCrmTest.takeScreenshot(FreeCrmTest.java:124)
at com.crm.qa.testcases.FreeCrmTest.takeScreenshot(FreeCrmTest.java:124)
at com.crm.qa.testcases.FreeCrmTest.takeScreenshot(FreeCrmTest.java:124)
at com.crm.qa.testcases.FreeCrmTest.takeScreenshot(FreeCrmTest.java:124)
at com.crm.qa.testcases.FreeCrmTest.takeScreenshot(FreeCrmTest.java:124)
at com.crm.qa.testcases.FreeCrmTest.takeScreenshot(FreeCrmTest.java:124)
at com.crm.qa.testcases.FreeCrmTest.takeScreenshot(FreeCrmTest.java:124)
at com.crm.qa.testcases.FreeCrmTest.takeScreenshot(FreeCrmTest.java:124)
at com.crm.qa.testcases.FreeCrmTest.takeScreenshot(FreeCrmTest.java:124)
at com.crm.qa.testcases.FreeCrmTest.takeScreenshot(FreeCrmTest.java:124)
at com.crm.qa.testcases.FreeCrmTest.takeScreenshot(FreeCrmTest.java:124)
at com.crm.qa.testcases.FreeCrmTest.takeScreenshot(FreeCrmTest.java:124)
at com.crm.qa.testcases.FreeCrmTest.takeScreenshot(FreeCrmTest.java:124)
at com.crm.qa.testcases.FreeCrmTest.takeScreenshot(FreeCrmTest.java:124)
at com.crm.qa.testcases.FreeCrmTest.takeScreenshot(FreeCrmTest.java:124)
at com.crm.qa.testcases.FreeCrmTest.takeScreenshot(FreeCrmTest.java:124)
at com.crm.qa.testcases.FreeCrmTest.takeScreenshot(FreeCrmTest.java:124)
at com.crm.qa.testcases.FreeCrmTest.takeScreenshot(FreeCrmTest.java:124)
at com.crm.qa.testcases.FreeCrmTest.takeScreenshot(FreeCrmTest.java:124)
at com.crm.qa.testcases.FreeCrmTest.takeScreenshot(FreeCrmTest.java:124)
at com.crm.qa.testcases.FreeCrmTest.takeScreenshot(FreeCrmTest.java:124)
at com.crm.qa.testcases.FreeCrmTest.takeScreenshot(FreeCrmTest.java:124)
at com.crm.qa.testcases.FreeCrmTest.takeScreenshot(FreeCrmTest.java:124)
at com.crm.qa.testcases.FreeCrmTest.takeScreenshot(FreeCrmTest.java:124)
at com.crm.qa.testcases.FreeCrmTest.takeScreenshot(FreeCrmTest.java:124)
at com.crm.qa.testcases.FreeCrmTest.takeScreenshot(FreeCrmTest.java:124)
at com.crm.qa.testcases.FreeCrmTest.takeScreenshot(FreeCrmTest.java:124)
at com.crm.qa.testcases.FreeCrmTest.takeScreenshot(FreeCrmTest.java:124)
at com.crm.qa.testcases.FreeCrmTest.takeScreenshot(FreeCrmTest.java:124)
at com.crm.qa.testcases.FreeCrmTest.takeScreenshot(FreeCrmTest.java:124)
at com.crm.qa.testcases.FreeCrmTest.takeScreenshot(FreeCrmTest.java:124)
at com.crm.qa.testcases.FreeCrmTest.takeScreenshot(FreeCrmTest.java:124)
at com.crm.qa.testcases.FreeCrmTest.takeScreenshot(FreeCrmTest.java:124)
at com.crm.qa.testcases.FreeCrmTest.takeScreenshot(FreeCrmTest.java:124)
at com.crm.qa.testcases.FreeCrmTest.takeScreenshot(FreeCrmTest.java:124)
at com.crm.qa.testcases.FreeCrmTest.takeScreenshot(FreeCrmTest.java:124)
at com.crm.qa.testcases.FreeCrmTest.takeScreenshot(FreeCrmTest.java:124)
at com.crm.qa.testcases.FreeCrmTest.takeScreenshot(FreeCrmTest.java:124)
at com.crm.qa.testcases.FreeCrmTest.takeScreenshot(FreeCrmTest.java:124)
at com.crm.qa.testcases.FreeCrmTest.takeScreenshot(FreeCrmTest.java:124)
at com.crm.qa.testcases.FreeCrmTest.takeScreenshot(FreeCrmTest.java:124)
at com.crm.qa.testcases.FreeCrmTest.takeScreenshot(FreeCrmTest.java:124)
at com.crm.qa.testcases.FreeCrmTest.takeScreenshot(FreeCrmTest.java:124)
at com.crm.qa.testcases.FreeCrmTest.takeScreenshot(FreeCrmTest.java:124)
at com.crm.qa.testcases.FreeCrmTest.takeScreenshot(FreeCrmTest.java:124)
at com.crm.qa.testcases.FreeCrmTest.takeScreenshot(FreeCrmTest.java:124)
at com.crm.qa.testcases.FreeCrmTest.takeScreenshot(FreeCrmTest.java:124)
at com.crm.qa.testcases.FreeCrmTest.takeScreenshot(FreeCrmTest.java:124)
at com.crm.qa.testcases.FreeCrmTest.takeScreenshot(FreeCrmTest.java:124)
at com.crm.qa.testcases.FreeCrmTest.takeScreenshot(FreeCrmTest.java:124)
at com.crm.qa.testcases.FreeCrmTest.takeScreenshot(FreeCrmTest.java:124)
at com.crm.qa.testcases.FreeCrmTest.takeScreenshot(FreeCrmTest.java:124)
at com.crm.qa.testcases.FreeCrmTest.takeScreenshot(FreeCrmTest.java:124)
at com.crm.qa.testcases.FreeCrmTest.takeScreenshot(FreeCrmTest.java:124)
at com.crm.qa.testcases.FreeCrmTest.takeScreenshot(FreeCrmTest.java:124)
at com.crm.qa.testcases.FreeCrmTest.takeScreenshot(FreeCrmTest.java:124)
at com.crm.qa.testcases.FreeCrmTest.takeScreenshot(FreeCrmTest.java:124)
at com.crm.qa.testcases.FreeCrmTest.takeScreenshot(FreeCrmTest.java:124)
at com.crm.qa.testcases.FreeCrmTest.takeScreenshot(FreeCrmTest.java:124)
at com.crm.qa.testcases.FreeCrmTest.takeScreenshot(FreeCrmTest.java:124)
at com.crm.qa.testcases.FreeCrmTest.takeScreenshot(FreeCrmTest.java:124)
at com.crm.qa.testcases.FreeCrmTest.takeScreenshot(FreeCrmTest.java:124)
at com.crm.qa.testcases.FreeCrmTest.takeScreenshot(FreeCrmTest.java:124)
at com.crm.qa.testcases.FreeCrmTest.takeScreenshot(FreeCrmTest.java:124)
at com.crm.qa.testcases.FreeCrmTest.takeScreenshot(FreeCrmTest.java:124)
at com.crm.qa.testcases.FreeCrmTest.takeScreenshot(FreeCrmTest.java:124)
at com.crm.qa.testcases.FreeCrmTest.takeScreenshot(FreeCrmTest.java:124)
at com.crm.qa.testcases.FreeCrmTest.takeScreenshot(FreeCrmTest.java:124)
at com.crm.qa.testcases.FreeCrmTest.takeScreenshot(FreeCrmTest.java:124)
at com.crm.qa.testcases.FreeCrmTest.takeScreenshot(FreeCrmTest.java:124)
at com.crm.qa.testcases.FreeCrmTest.takeScreenshot(FreeCrmTest.java:124)
at com.crm.qa.testcases.FreeCrmTest.takeScreenshot(FreeCrmTest.java:124)
at com.crm.qa.testcases.FreeCrmTest.takeScreenshot(FreeCrmTest.java:124)
at com.crm.qa.testcases.FreeCrmTest.takeScreenshot(FreeCrmTest.java:124)
at com.crm.qa.testcases.FreeCrmTest.takeScreenshot(FreeCrmTest.java:124)
at com.crm.qa.testcases.FreeCrmTest.takeScreenshot(FreeCrmTest.java:124)
at com.crm.qa.testcases.FreeCrmTest.takeScreenshot(FreeCrmTest.java:124)
at com.crm.qa.testcases.FreeCrmTest.takeScreenshot(FreeCrmTest.java:124)
at com.crm.qa.testcases.FreeCrmTest.takeScreenshot(FreeCrmTest.java:124)
at com.crm.qa.testcases.FreeCrmTest.takeScreenshot(FreeCrmTest.java:124)
at com.crm.qa.testcases.FreeCrmTest.takeScreenshot(FreeCrmTest.java:124)
at com.crm.qa.testcases.FreeCrmTest.takeScreenshot(FreeCrmTest.java:124)
at com.crm.qa.testcases.FreeCrmTest.takeScreenshot(FreeCrmTest.java:124)
at com.crm.qa.testcases.FreeCrmTest.takeScreenshot(FreeCrmTest.java:124)
at com.crm.qa.testcases.FreeCrmTest.takeScreenshot(FreeCrmTest.java:124)
at com.crm.qa.testcases.FreeCrmTest.takeScreenshot(FreeCrmTest.java:124)
at com.crm.qa.testcases.FreeCrmTest.takeScreenshot(FreeCrmTest.java:124)
at com.crm.qa.testcases.FreeCrmTest.takeScreenshot(FreeCrmTest.java:124)
at com.crm.qa.testcases.FreeCrmTest.takeScreenshot(FreeCrmTest.java:124)
at com.crm.qa.testcases.FreeCrmTest.takeScreenshot(FreeCrmTest.java:124)
at com.crm.qa.testcases.FreeCrmTest.takeScreenshot(FreeCrmTest.java:124)
at com.crm.qa.testcases.FreeCrmTest.takeScreenshot(FreeCrmTest.java:124)
at com.crm.qa.testcases.FreeCrmTest.takeScreenshot(FreeCrmTest.java:124)
at com.crm.qa.testcases.FreeCrmTest.takeScreenshot(FreeCrmTest.java:124)
at com.crm.qa.testcases.FreeCrmTest.takeScreenshot(FreeCrmTest.java:124)
at com.crm.qa.testcases.FreeCrmTest.takeScreenshot(FreeCrmTest.java:124)
at com.crm.qa.testcases.FreeCrmTest.takeScreenshot(FreeCrmTest.java:124)
at com.crm.qa.testcases.FreeCrmTest.takeScreenshot(FreeCrmTest.java:124)
at com.crm.qa.testcases.FreeCrmTest.takeScreenshot(FreeCrmTest.java:124)
at com.crm.qa.testcases.FreeCrmTest.takeScreenshot(FreeCrmTest.java:124)
at com.crm.qa.testcases.FreeCrmTest.takeScreenshot(FreeCrmTest.java:124)
at com.crm.qa.testcases.FreeCrmTest.takeScreenshot(FreeCrmTest.java:124)
at com.crm.qa.testcases.FreeCrmTest.takeScreenshot(FreeCrmTest.java:124)
at com.crm.qa.testcases.FreeCrmTest.takeScreenshot(FreeCrmTest.java:124)
at com.crm.qa.testcases.FreeCrmTest.takeScreenshot(FreeCrmTest.java:124)
at com.crm.qa.testcases.FreeCrmTest.takeScreenshot(FreeCrmTest.java:124)
at com.crm.qa.testcases.FreeCrmTest.takeScreenshot(FreeCrmTest.java:124)
at com.crm.qa.testcases.FreeCrmTest.takeScreenshot(FreeCrmTest.java:124)
at com.crm.qa.testcases.FreeCrmTest.takeScreenshot(FreeCrmTest.java:124)
at com.crm.qa.testcases.FreeCrmTest.takeScreenshot(FreeCrmTest.java:124)
at com.crm.qa.testcases.FreeCrmTest.takeScreenshot(FreeCrmTest.java:124)
at com.crm.qa.testcases.FreeCrmTest.takeScreenshot(FreeCrmTest.java:124)
at com.crm.qa.testcases.FreeCrmTest.takeScreenshot(FreeCrmTest.java:124)
at com.crm.qa.testcases.FreeCrmTest.takeScreenshot(FreeCrmTest.java:124)
at com.crm.qa.testcases.FreeCrmTest.takeScreenshot(FreeCrmTest.java:124)
at com.crm.qa.testcases.FreeCrmTest.takeScreenshot(FreeCrmTest.java:124)
at com.crm.qa.testcases.FreeCrmTest.takeScreenshot(FreeCrmTest.java:124)
at com.crm.qa.testcases.FreeCrmTest.takeScreenshot(FreeCrmTest.java:124)
at com.crm.qa.testcases.FreeCrmTest.takeScreenshot(FreeCrmTest.java:124)
at com.crm.qa.testcases.FreeCrmTest.takeScreenshot(FreeCrmTest.java:124)
at com.crm.qa.testcases.FreeCrmTest.takeScreenshot(FreeCrmTest.java:124)
at com.crm.qa.testcases.FreeCrmTest.takeScreenshot(FreeCrmTest.java:124)
at com.crm.qa.testcases.FreeCrmTest.takeScreenshot(FreeCrmTest.java:124)
at com.crm.qa.testcases.FreeCrmTest.takeScreenshot(FreeCrmTest.java:124)
at com.crm.qa.testcases.FreeCrmTest.takeScreenshot(FreeCrmTest.java:124)
at com.crm.qa.testcases.FreeCrmTest.takeScreenshot(FreeCrmTest.java:124)
at com.crm.qa.testcases.FreeCrmTest.takeScreenshot(FreeCrmTest.java:124)
at com.crm.qa.testcases.FreeCrmTest.takeScreenshot(FreeCrmTest.java:124)
at com.crm.qa.testcases.FreeCrmTest.takeScreenshot(FreeCrmTest.java:124)
at com.crm.qa.testcases.FreeCrmTest.takeScreenshot(FreeCrmTest.java:124)
at com.crm.qa.testcases.FreeCrmTest.takeScreenshot(FreeCrmTest.java:124)
at com.crm.qa.testcases.FreeCrmTest.takeScreenshot(FreeCrmTest.java:124)
at com.crm.qa.testcases.FreeCrmTest.takeScreenshot(FreeCrmTest.java:124)
at com.crm.qa.testcases.FreeCrmTest.takeScreenshot(FreeCrmTest.java:124)
at com.crm.qa.testcases.FreeCrmTest.takeScreenshot(FreeCrmTest.java:124)
at com.crm.qa.testcases.FreeCrmTest.takeScreenshot(FreeCrmTest.java:124)
at com.crm.qa.testcases.FreeCrmTest.takeScreenshot(FreeCrmTest.java:124)
at com.crm.qa.testcases.FreeCrmTest.takeScreenshot(FreeCrmTest.java:124)
at com.crm.qa.testcases.FreeCrmTest.takeScreenshot(FreeCrmTest.java:124)
at com.crm.qa.testcases.FreeCrmTest.takeScreenshot(FreeCrmTest.java:124)
at com.crm.qa.testcases.FreeCrmTest.takeScreenshot(FreeCrmTest.java:124)
at com.crm.qa.testcases.FreeCrmTest.takeScreenshot(FreeCrmTest.java:124)
at com.crm.qa.testcases.FreeCrmTest.takeScreenshot(FreeCrmTest.java:124)
at com.crm.qa.testcases.FreeCrmTest.takeScreenshot(FreeCrmTest.java:124)
at com.crm.qa.testcases.FreeCrmTest.takeScreenshot(FreeCrmTest.java:124)
at com.crm.qa.testcases.FreeCrmTest.takeScreenshot(FreeCrmTest.java:124)
at com.crm.qa.testcases.FreeCrmTest.takeScreenshot(FreeCrmTest.java:124)
at com.crm.qa.testcases.FreeCrmTest.takeScreenshot(FreeCrmTest.java:124)
at com.crm.qa.testcases.FreeCrmTest.takeScreenshot(FreeCrmTest.java:124)
at com.crm.qa.testcases.FreeCrmTest.takeScreenshot(FreeCrmTest.java:124)
at com.crm.qa.testcases.FreeCrmTest.takeScreenshot(FreeCrmTest.java:124)
at com.crm.qa.testcases.FreeCrmTest.takeScreenshot(FreeCrmTest.java:124)
at com.crm.qa.testcases.FreeCrmTest.takeScreenshot(FreeCrmTest.java:124)
at com.crm.qa.testcases.FreeCrmTest.takeScreenshot(FreeCrmTest.java:124)
at com.crm.qa.testcases.FreeCrmTest.takeScreenshot(FreeCrmTest.java:124)
at com.crm.qa.testcases.FreeCrmTest.takeScreenshot(FreeCrmTest.java:124)
at com.crm.qa.testcases.FreeCrmTest.takeScreenshot(FreeCrmTest.java:124)
at com.crm.qa.testcases.FreeCrmTest.takeScreenshot(FreeCrmTest.java:124)
at com.crm.qa.testcases.FreeCrmTest.takeScreenshot(FreeCrmTest.java:124)
at com.crm.qa.testcases.FreeCrmTest.takeScreenshot(FreeCrmTest.java:124)
at com.crm.qa.testcases.FreeCrmTest.takeScreenshot(FreeCrmTest.java:124)
at com.crm.qa.testcases.FreeCrmTest.takeScreenshot(FreeCrmTest.java:124)
at com.crm.qa.testcases.FreeCrmTest.takeScreenshot(FreeCrmTest.java:124)
at com.crm.qa.testcases.FreeCrmTest.takeScreenshot(FreeCrmTest.java:124)
at com.crm.qa.testcases.FreeCrmTest.takeScreenshot(FreeCrmTest.java:124)
at com.crm.qa.testcases.FreeCrmTest.takeScreenshot(FreeCrmTest.java:124)
at com.crm.qa.testcases.FreeCrmTest.takeScreenshot(FreeCrmTest.java:124)
at com.crm.qa.testcases.FreeCrmTest.takeScreenshot(FreeCrmTest.java:124)
at com.crm.qa.testcases.FreeCrmTest.takeScreenshot(FreeCrmTest.java:124)
at com.crm.qa.testcases.FreeCrmTest.takeScreenshot(FreeCrmTest.java:124)
at com.crm.qa.testcases.FreeCrmTest.takeScreenshot(FreeCrmTest.java:124)
at com.crm.qa.testcases.FreeCrmTest.takeScreenshot(FreeCrmTest.java:124)
at com.crm.qa.testcases.FreeCrmTest.takeScreenshot(FreeCrmTest.java:124)
at com.crm.qa.testcases.FreeCrmTest.takeScreenshot(FreeCrmTest.java:124)
at com.crm.qa.testcases.FreeCrmTest.takeScreenshot(FreeCrmTest.java:124)
at com.crm.qa.testcases.FreeCrmTest.takeScreenshot(FreeCrmTest.java:124)
at com.crm.qa.testcases.FreeCrmTest.takeScreenshot(FreeCrmTest.java:124)
at com.crm.qa.testcases.FreeCrmTest.takeScreenshot(FreeCrmTest.java:124)
at com.crm.qa.testcases.FreeCrmTest.takeScreenshot(FreeCrmTest.java:124)
at com.crm.qa.testcases.FreeCrmTest.takeScreenshot(FreeCrmTest.java:124)
at com.crm.qa.testcases.FreeCrmTest.takeScreenshot(FreeCrmTest.java:124)
at com.crm.qa.testcases.FreeCrmTest.takeScreenshot(FreeCrmTest.java:124)
at com.crm.qa.testcases.FreeCrmTest.takeScreenshot(FreeCrmTest.java:124)
at com.crm.qa.testcases.FreeCrmTest.takeScreenshot(FreeCrmTest.java:124)
at com.crm.qa.testcases.FreeCrmTest.takeScreenshot(FreeCrmTest.java:124)
at com.crm.qa.testcases.FreeCrmTest.takeScreenshot(FreeCrmTest.java:124)
at com.crm.qa.testcases.FreeCrmTest.takeScreenshot(FreeCrmTest.java:124)
at com.crm.qa.testcases.FreeCrmTest.takeScreenshot(FreeCrmTest.java:124)
at com.crm.qa.testcases.FreeCrmTest.takeScreenshot(FreeCrmTest.java:124)
at com.crm.qa.testcases.FreeCrmTest.takeScreenshot(FreeCrmTest.java:124)
at com.crm.qa.testcases.FreeCrmTest.takeScreenshot(FreeCrmTest.java:124)
at com.crm.qa.testcases.FreeCrmTest.takeScreenshot(FreeCrmTest.java:124)
at com.crm.qa.testcases.FreeCrmTest.takeScreenshot(FreeCrmTest.java:124)
at com.crm.qa.testcases.FreeCrmTest.takeScreenshot(FreeCrmTest.java:124)
at com.crm.qa.testcases.FreeCrmTest.takeScreenshot(FreeCrmTest.java:124)
at com.crm.qa.testcases.FreeCrmTest.takeScreenshot(FreeCrmTest.java:124)
at com.crm.qa.testcases.FreeCrmTest.takeScreenshot(FreeCrmTest.java:124)
at com.crm.qa.testcases.FreeCrmTest.takeScreenshot(FreeCrmTest.java:124)
at com.crm.qa.testcases.FreeCrmTest.takeScreenshot(FreeCrmTest.java:124)
at com.crm.qa.testcases.FreeCrmTest.takeScreenshot(FreeCrmTest.java:124)
at com.crm.qa.testcases.FreeCrmTest.takeScreenshot(FreeCrmTest.java:124)
at com.crm.qa.testcases.FreeCrmTest.takeScreenshot(FreeCrmTest.java:124)
at com.crm.qa.testcases.FreeCrmTest.takeScreenshot(FreeCrmTest.java:124)
at com.crm.qa.testcases.FreeCrmTest.takeScreenshot(FreeCrmTest.java:124)
at com.crm.qa.testcases.FreeCrmTest.takeScreenshot(FreeCrmTest.java:124)
at com.crm.qa.testcases.FreeCrmTest.takeScreenshot(FreeCrmTest.java:124)
at com.crm.qa.testcases.FreeCrmTest.takeScreenshot(FreeCrmTest.java:124)
at com.crm.qa.testcases.FreeCrmTest.takeScreenshot(FreeCrmTest.java:124)
at com.crm.qa.testcases.FreeCrmTest.takeScreenshot(FreeCrmTest.java:124)
at com.crm.qa.testcases.FreeCrmTest.takeScreenshot(FreeCrmTest.java:124)
at com.crm.qa.testcases.FreeCrmTest.takeScreenshot(FreeCrmTest.java:124)
at com.crm.qa.testcases.FreeCrmTest.takeScreenshot(FreeCrmTest.java:124)
at com.crm.qa.testcases.FreeCrmTest.takeScreenshot(FreeCrmTest.java:124)
at com.crm.qa.testcases.FreeCrmTest.takeScreenshot(FreeCrmTest.java:124)
at com.crm.qa.testcases.FreeCrmTest.takeScreenshot(FreeCrmTest.java:124)
at com.crm.qa.testcases.FreeCrmTest.takeScreenshot(FreeCrmTest.java:124)
at com.crm.qa.testcases.FreeCrmTest.takeScreenshot(FreeCrmTest.java:124)
at com.crm.qa.testcases.FreeCrmTest.takeScreenshot(FreeCrmTest.java:124)
at com.crm.qa.testcases.FreeCrmTest.takeScreenshot(FreeCrmTest.java:124)
at com.crm.qa.testcases.FreeCrmTest.takeScreenshot(FreeCrmTest.java:124)
at com.crm.qa.testcases.FreeCrmTest.takeScreenshot(FreeCrmTest.java:124)
at com.crm.qa.testcases.FreeCrmTest.takeScreenshot(FreeCrmTest.java:124)
at com.crm.qa.testcases.FreeCrmTest.takeScreenshot(FreeCrmTest.java:124)
at com.crm.qa.testcases.FreeCrmTest.takeScreenshot(FreeCrmTest.java:124)
at com.crm.qa.testcases.FreeCrmTest.takeScreenshot(FreeCrmTest.java:124)
at com.crm.qa.testcases.FreeCrmTest.takeScreenshot(FreeCrmTest.java:124)
at com.crm.qa.testcases.FreeCrmTest.takeScreenshot(FreeCrmTest.java:124)
at com.crm.qa.testcases.FreeCrmTest.takeScreenshot(FreeCrmTest.java:124)
at com.crm.qa.testcases.FreeCrmTest.takeScreenshot(FreeCrmTest.java:124)
at com.crm.qa.testcases.FreeCrmTest.takeScreenshot(FreeCrmTest.java:124)
at com.crm.qa.testcases.FreeCrmTest.takeScreenshot(FreeCrmTest.java:124)
at com.crm.qa.testcases.FreeCrmTest.takeScreenshot(FreeCrmTest.java:124)
at com.crm.qa.testcases.FreeCrmTest.takeScreenshot(FreeCrmTest.java:124)
at com.crm.qa.testcases.FreeCrmTest.takeScreenshot(FreeCrmTest.java:124)
at com.crm.qa.testcases.FreeCrmTest.takeScreenshot(FreeCrmTest.java:124)
at com.crm.qa.testcases.FreeCrmTest.takeScreenshot(FreeCrmTest.java:124)
at com.crm.qa.testcases.FreeCrmTest.takeScreenshot(FreeCrmTest.java:124)
at com.crm.qa.testcases.FreeCrmTest.takeScreenshot(FreeCrmTest.java:124)
at com.crm.qa.testcases.FreeCrmTest.takeScreenshot(FreeCrmTest.java:124)
at com.crm.qa.testcases.FreeCrmTest.takeScreenshot(FreeCrmTest.java:124)
at com.crm.qa.testcases.FreeCrmTest.takeScreenshot(FreeCrmTest.java:124)
at com.crm.qa.testcases.FreeCrmTest.takeScreenshot(FreeCrmTest.java:124)
at com.crm.qa.testcases.FreeCrmTest.takeScreenshot(FreeCrmTest.java:124)
at com.crm.qa.testcases.FreeCrmTest.takeScreenshot(FreeCrmTest.java:124)
at com.crm.qa.testcases.FreeCrmTest.takeScreenshot(FreeCrmTest.java:124)
at com.crm.qa.testcases.FreeCrmTest.takeScreenshot(FreeCrmTest.java:124)
at com.crm.qa.testcases.FreeCrmTest.takeScreenshot(FreeCrmTest.java:124)
at com.crm.qa.testcases.FreeCrmTest.takeScreenshot(FreeCrmTest.java:124)
at com.crm.qa.testcases.FreeCrmTest.takeScreenshot(FreeCrmTest.java:124)
at com.crm.qa.testcases.FreeCrmTest.takeScreenshot(FreeCrmTest.java:124)
at com.crm.qa.testcases.FreeCrmTest.takeScreenshot(FreeCrmTest.java:124)
at com.crm.qa.testcases.FreeCrmTest.takeScreenshot(FreeCrmTest.java:124)
at com.crm.qa.testcases.FreeCrmTest.takeScreenshot(FreeCrmTest.java:124)
at com.crm.qa.testcases.FreeCrmTest.takeScreenshot(FreeCrmTest.java:124)
at com.crm.qa.testcases.FreeCrmTest.takeScreenshot(FreeCrmTest.java:124)
at com.crm.qa.testcases.FreeCrmTest.takeScreenshot(FreeCrmTest.java:124)
at com.crm.qa.testcases.FreeCrmTest.takeScreenshot(FreeCrmTest.java:124)
at com.crm.qa.testcases.FreeCrmTest.takeScreenshot(FreeCrmTest.java:124)
at com.crm.qa.testcases.FreeCrmTest.takeScreenshot(FreeCrmTest.java:124)
at com.crm.qa.testcases.FreeCrmTest.takeScreenshot(FreeCrmTest.java:124)
at com.crm.qa.testcases.FreeCrmTest.takeScreenshot(FreeCrmTest.java:124)
at com.crm.qa.testcases.FreeCrmTest.takeScreenshot(FreeCrmTest.java:124)
at com.crm.qa.testcases.FreeCrmTest.takeScreenshot(FreeCrmTest.java:124)
at com.crm.qa.testcases.FreeCrmTest.takeScreenshot(FreeCrmTest.java:124)
at com.crm.qa.testcases.FreeCrmTest.takeScreenshot(FreeCrmTest.java:124)
at com.crm.qa.testcases.FreeCrmTest.takeScreenshot(FreeCrmTest.java:124)
at com.crm.qa.testcases.FreeCrmTest.takeScreenshot(FreeCrmTest.java:124)
at com.crm.qa.testcases.FreeCrmTest.takeScreenshot(FreeCrmTest.java:124)
at com.crm.qa.testcases.FreeCrmTest.takeScreenshot(FreeCrmTest.java:124)
at com.crm.qa.testcases.FreeCrmTest.takeScreenshot(FreeCrmTest.java:124)
at com.crm.qa.testcases.FreeCrmTest.takeScreenshot(FreeCrmTest.java:124)
at com.crm.qa.testcases.FreeCrmTest.takeScreenshot(FreeCrmTest.java:124)
at com.crm.qa.testcases.FreeCrmTest.takeScreenshot(FreeCrmTest.java:124)
at com.crm.qa.testcases.FreeCrmTest.takeScreenshot(FreeCrmTest.java:124)
at com.crm.qa.testcases.FreeCrmTest.takeScreenshot(FreeCrmTest.java:124)
at com.crm.qa.testcases.FreeCrmTest.takeScreenshot(FreeCrmTest.java:124)
at com.crm.qa.testcases.FreeCrmTest.takeScreenshot(FreeCrmTest.java:124)
at com.crm.qa.testcases.FreeCrmTest.takeScreenshot(FreeCrmTest.java:124)
at com.crm.qa.testcases.FreeCrmTest.takeScreenshot(FreeCrmTest.java:124)
at com.crm.qa.testcases.FreeCrmTest.takeScreenshot(FreeCrmTest.java:124)
at com.crm.qa.testcases.FreeCrmTest.takeScreenshot(FreeCrmTest.java:124)
at com.crm.qa.testcases.FreeCrmTest.takeScreenshot(FreeCrmTest.java:124)
at com.crm.qa.testcases.FreeCrmTest.takeScreenshot(FreeCrmTest.java:124)
at com.crm.qa.testcases.FreeCrmTest.takeScreenshot(FreeCrmTest.java:124)
at com.crm.qa.testcases.FreeCrmTest.takeScreenshot(FreeCrmTest.java:124)
at com.crm.qa.testcases.FreeCrmTest.takeScreenshot(FreeCrmTest.java:124)
at com.crm.qa.testcases.FreeCrmTest.takeScreenshot(FreeCrmTest.java:124)
at com.crm.qa.testcases.FreeCrmTest.takeScreenshot(FreeCrmTest.java:124)
at com.crm.qa.testcases.FreeCrmTest.takeScreenshot(FreeCrmTest.java:124)
at com.crm.qa.testcases.FreeCrmTest.takeScreenshot(FreeCrmTest.java:124)
at com.crm.qa.testcases.FreeCrmTest.takeScreenshot(FreeCrmTest.java:124)
at com.crm.qa.testcases.FreeCrmTest.takeScreenshot(FreeCrmTest.java:124)
at com.crm.qa.testcases.FreeCrmTest.takeScreenshot(FreeCrmTest.java:124)
at com.crm.qa.testcases.FreeCrmTest.takeScreenshot(FreeCrmTest.java:124)
at com.crm.qa.testcases.FreeCrmTest.takeScreenshot(FreeCrmTest.java:124)
at com.crm.qa.testcases.FreeCrmTest.takeScreenshot(FreeCrmTest.java:124)
at com.crm.qa.testcases.FreeCrmTest.takeScreenshot(FreeCrmTest.java:124)
at com.crm.qa.testcases.FreeCrmTest.takeScreenshot(FreeCrmTest.java:124)
at com.crm.qa.testcases.FreeCrmTest.takeScreenshot(FreeCrmTest.java:124)
at com.crm.qa.testcases.FreeCrmTest.takeScreenshot(FreeCrmTest.java:124)
at com.crm.qa.testcases.FreeCrmTest.takeScreenshot(FreeCrmTest.java:124)
at com.crm.qa.testcases.FreeCrmTest.takeScreenshot(FreeCrmTest.java:124)
at com.crm.qa.testcases.FreeCrmTest.takeScreenshot(FreeCrmTest.java:124)
at com.crm.qa.testcases.FreeCrmTest.takeScreenshot(FreeCrmTest.java:124)
at com.crm.qa.testcases.FreeCrmTest.takeScreenshot(FreeCrmTest.java:124)
at com.crm.qa.testcases.FreeCrmTest.takeScreenshot(FreeCrmTest.java:124)
at com.crm.qa.testcases.FreeCrmTest.takeScreenshot(FreeCrmTest.java:124)
at com.crm.qa.testcases.FreeCrmTest.takeScreenshot(FreeCrmTest.java:124)
at com.crm.qa.testcases.FreeCrmTest.takeScreenshot(FreeCrmTest.java:124)
at com.crm.qa.testcases.FreeCrmTest.takeScreenshot(FreeCrmTest.java:124)
at com.crm.qa.testcases.FreeCrmTest.takeScreenshot(FreeCrmTest.java:124)
at com.crm.qa.testcases.FreeCrmTest.takeScreenshot(FreeCrmTest.java:124)
at com.crm.qa.testcases.FreeCrmTest.takeScreenshot(FreeCrmTest.java:124)
at com.crm.qa.testcases.FreeCrmTest.takeScreenshot(FreeCrmTest.java:124)
at com.crm.qa.testcases.FreeCrmTest.takeScreenshot(FreeCrmTest.java:124)
at com.crm.qa.testcases.FreeCrmTest.takeScreenshot(FreeCrmTest.java:124)
at com.crm.qa.testcases.FreeCrmTest.takeScreenshot(FreeCrmTest.java:124)
at com.crm.qa.testcases.FreeCrmTest.takeScreenshot(FreeCrmTest.java:124)
at com.crm.qa.testcases.FreeCrmTest.takeScreenshot(FreeCrmTest.java:124)
at com.crm.qa.testcases.FreeCrmTest.takeScreenshot(FreeCrmTest.java:124)
at com.crm.qa.testcases.FreeCrmTest.takeScreenshot(FreeCrmTest.java:124)
at com.crm.qa.testcases.FreeCrmTest.takeScreenshot(FreeCrmTest.java:124)
at com.crm.qa.testcases.FreeCrmTest.takeScreenshot(FreeCrmTest.java:124)
at com.crm.qa.testcases.FreeCrmTest.takeScreenshot(FreeCrmTest.java:124)
at com.crm.qa.testcases.FreeCrmTest.takeScreenshot(FreeCrmTest.java:124)
at com.crm.qa.testcases.FreeCrmTest.takeScreenshot(FreeCrmTest.java:124)
at com.crm.qa.testcases.FreeCrmTest.takeScreenshot(FreeCrmTest.java:124)
at com.crm.qa.testcases.FreeCrmTest.takeScreenshot(FreeCrmTest.java:124)
at com.crm.qa.testcases.FreeCrmTest.takeScreenshot(FreeCrmTest.java:124)
at com.crm.qa.testcases.FreeCrmTest.takeScreenshot(FreeCrmTest.java:124)
at com.crm.qa.testcases.FreeCrmTest.takeScreenshot(FreeCrmTest.java:124)
at com.crm.qa.testcases.FreeCrmTest.takeScreenshot(FreeCrmTest.java:124)
at com.crm.qa.testcases.FreeCrmTest.takeScreenshot(FreeCrmTest.java:124)
at com.crm.qa.testcases.FreeCrmTest.takeScreenshot(FreeCrmTest.java:124)
at com.crm.qa.testcases.FreeCrmTest.takeScreenshot(FreeCrmTest.java:124)
at com.crm.qa.testcases.FreeCrmTest.takeScreenshot(FreeCrmTest.java:124)
at com.crm.qa.testcases.FreeCrmTest.takeScreenshot(FreeCrmTest.java:124)
at com.crm.qa.testcases.FreeCrmTest.takeScreenshot(FreeCrmTest.java:124)
at com.crm.qa.testcases.FreeCrmTest.takeScreenshot(FreeCrmTest.java:124)
at com.crm.qa.testcases.FreeCrmTest.takeScreenshot(FreeCrmTest.java:124)
at com.crm.qa.testcases.FreeCrmTest.takeScreenshot(FreeCrmTest.java:124)
at com.crm.qa.testcases.FreeCrmTest.takeScreenshot(FreeCrmTest.java:124)
at com.crm.qa.testcases.FreeCrmTest.takeScreenshot(FreeCrmTest.java:124)
at com.crm.qa.testcases.FreeCrmTest.takeScreenshot(FreeCrmTest.java:124)
at com.crm.qa.testcases.FreeCrmTest.takeScreenshot(FreeCrmTest.java:124)
at com.crm.qa.testcases.FreeCrmTest.takeScreenshot(FreeCrmTest.java:124)
at com.crm.qa.testcases.FreeCrmTest.takeScreenshot(FreeCrmTest.java:124)
at com.crm.qa.testcases.FreeCrmTest.takeScreenshot(FreeCrmTest.java:124)
at com.crm.qa.testcases.FreeCrmTest.takeScreenshot(FreeCrmTest.java:124)
at com.crm.qa.testcases.FreeCrmTest.takeScreenshot(FreeCrmTest.java:124)
at com.crm.qa.testcases.FreeCrmTest.takeScreenshot(FreeCrmTest.java:124)
at com.crm.qa.testcases.FreeCrmTest.takeScreenshot(FreeCrmTest.java:124)
at com.crm.qa.testcases.FreeCrmTest.takeScreenshot(FreeCrmTest.java:124)
at com.crm.qa.testcases.FreeCrmTest.takeScreenshot(FreeCrmTest.java:124)
at com.crm.qa.testcases.FreeCrmTest.takeScreenshot(FreeCrmTest.java:124)
at com.crm.qa.testcases.FreeCrmTest.takeScreenshot(FreeCrmTest.java:124)
at com.crm.qa.testcases.FreeCrmTest.takeScreenshot(FreeCrmTest.java:124)
at com.crm.qa.testcases.FreeCrmTest.takeScreenshot(FreeCrmTest.java:124)
at com.crm.qa.testcases.FreeCrmTest.takeScreenshot(FreeCrmTest.java:124)
at com.crm.qa.testcases.FreeCrmTest.takeScreenshot(FreeCrmTest.java:124)
at com.crm.qa.testcases.FreeCrmTest.takeScreenshot(FreeCrmTest.java:124)
at com.crm.qa.testcases.FreeCrmTest.takeScreenshot(FreeCrmTest.java:124)
at com.crm.qa.testcases.FreeCrmTest.takeScreenshot(FreeCrmTest.java:124)
at com.crm.qa.testcases.FreeCrmTest.takeScreenshot(FreeCrmTest.java:124)
at com.crm.qa.testcases.FreeCrmTest.takeScreenshot(FreeCrmTest.java:124)
at com.crm.qa.testcases.FreeCrmTest.takeScreenshot(FreeCrmTest.java:124)
at com.crm.qa.testcases.FreeCrmTest.takeScreenshot(FreeCrmTest.java:124)
at com.crm.qa.testcases.FreeCrmTest.takeScreenshot(FreeCrmTest.java:124)
at com.crm.qa.testcases.FreeCrmTest.takeScreenshot(FreeCrmTest.java:124)
at com.crm.qa.testcases.FreeCrmTest.takeScreenshot(FreeCrmTest.java:124)
at com.crm.qa.testcases.FreeCrmTest.takeScreenshot(FreeCrmTest.java:124)
at com.crm.qa.testcases.FreeCrmTest.takeScreenshot(FreeCrmTest.java:124)
at com.crm.qa.testcases.FreeCrmTest.takeScreenshot(FreeCrmTest.java:124)
at com.crm.qa.testcases.FreeCrmTest.takeScreenshot(FreeCrmTest.java:124)
at com.crm.qa.testcases.FreeCrmTest.takeScreenshot(FreeCrmTest.java:124)
at com.crm.qa.testcases.FreeCrmTest.takeScreenshot(FreeCrmTest.java:124)
at com.crm.qa.testcases.FreeCrmTest.takeScreenshot(FreeCrmTest.java:124)
at com.crm.qa.testcases.FreeCrmTest.takeScreenshot(FreeCrmTest.java:124)
at com.crm.qa.testcases.FreeCrmTest.takeScreenshot(FreeCrmTest.java:124)
at com.crm.qa.testcases.FreeCrmTest.takeScreenshot(FreeCrmTest.java:124)
at com.crm.qa.testcases.FreeCrmTest.takeScreenshot(FreeCrmTest.java:124)
at com.crm.qa.testcases.FreeCrmTest.takeScreenshot(FreeCrmTest.java:124)
at com.crm.qa.testcases.FreeCrmTest.takeScreenshot(FreeCrmTest.java:124)
at com.crm.qa.testcases.FreeCrmTest.takeScreenshot(FreeCrmTest.java:124)
at com.crm.qa.testcases.FreeCrmTest.takeScreenshot(FreeCrmTest.java:124)
at com.crm.qa.testcases.FreeCrmTest.takeScreenshot(FreeCrmTest.java:124)
at com.crm.qa.testcases.FreeCrmTest.takeScreenshot(FreeCrmTest.java:124)
at com.crm.qa.testcases.FreeCrmTest.takeScreenshot(FreeCrmTest.java:124)
at com.crm.qa.testcases.FreeCrmTest.takeScreenshot(FreeCrmTest.java:124)
at com.crm.qa.testcases.FreeCrmTest.takeScreenshot(FreeCrmTest.java:124)
at com.crm.qa.testcases.FreeCrmTest.takeScreenshot(FreeCrmTest.java:124)
at com.crm.qa.testcases.FreeCrmTest.takeScreenshot(FreeCrmTest.java:124)
at com.crm.qa.testcases.FreeCrmTest.takeScreenshot(FreeCrmTest.java:124)
at com.crm.qa.testcases.FreeCrmTest.takeScreenshot(FreeCrmTest.java:124)
at com.crm.qa.testcases.FreeCrmTest.takeScreenshot(FreeCrmTest.java:124)
at com.crm.qa.testcases.FreeCrmTest.takeScreenshot(FreeCrmTest.java:124)
at com.crm.qa.testcases.FreeCrmTest.takeScreenshot(FreeCrmTest.java:124)
at com.crm.qa.testcases.FreeCrmTest.takeScreenshot(FreeCrmTest.java:124)
at com.crm.qa.testcases.FreeCrmTest.takeScreenshot(FreeCrmTest.java:124)
at com.crm.qa.testcases.FreeCrmTest.takeScreenshot(FreeCrmTest.java:124)
at com.crm.qa.testcases.FreeCrmTest.takeScreenshot(FreeCrmTest.java:124)
at com.crm.qa.testcases.FreeCrmTest.takeScreenshot(FreeCrmTest.java:124)
at com.crm.qa.testcases.FreeCrmTest.takeScreenshot(FreeCrmTest.java:124)
at com.crm.qa.testcases.FreeCrmTest.takeScreenshot(FreeCrmTest.java:124)
at com.crm.qa.testcases.FreeCrmTest.takeScreenshot(FreeCrmTest.java:124)
at com.crm.qa.testcases.FreeCrmTest.takeScreenshot(FreeCrmTest.java:124)
at com.crm.qa.testcases.FreeCrmTest.takeScreenshot(FreeCrmTest.java:124)
at com.crm.qa.testcases.FreeCrmTest.takeScreenshot(FreeCrmTest.java:124)
at com.crm.qa.testcases.FreeCrmTest.takeScreenshot(FreeCrmTest.java:124)
at com.crm.qa.testcases.FreeCrmTest.takeScreenshot(FreeCrmTest.java:124)
at com.crm.qa.testcases.FreeCrmTest.takeScreenshot(FreeCrmTest.java:124)
at com.crm.qa.testcases.FreeCrmTest.takeScreenshot(FreeCrmTest.java:124)
at com.crm.qa.testcases.FreeCrmTest.takeScreenshot(FreeCrmTest.java:124)
at com.crm.qa.testcases.FreeCrmTest.takeScreenshot(FreeCrmTest.java:124)
at com.crm.qa.testcases.FreeCrmTest.takeScreenshot(FreeCrmTest.java:124)
at com.crm.qa.testcases.FreeCrmTest.takeScreenshot(FreeCrmTest.java:124)
at com.crm.qa.testcases.FreeCrmTest.takeScreenshot(FreeCrmTest.java:124)
at com.crm.qa.testcases.FreeCrmTest.takeScreenshot(FreeCrmTest.java:124)
at com.crm.qa.testcases.FreeCrmTest.takeScreenshot(FreeCrmTest.java:124)
at com.crm.qa.testcases.FreeCrmTest.takeScreenshot(FreeCrmTest.java:124)
at com.crm.qa.testcases.FreeCrmTest.takeScreenshot(FreeCrmTest.java:124)
at com.crm.qa.testcases.FreeCrmTest.takeScreenshot(FreeCrmTest.java:124)
at com.crm.qa.testcases.FreeCrmTest.takeScreenshot(FreeCrmTest.java:124)
at com.crm.qa.testcases.FreeCrmTest.takeScreenshot(FreeCrmTest.java:124)
at com.crm.qa.testcases.FreeCrmTest.takeScreenshot(FreeCrmTest.java:124)
at com.crm.qa.testcases.FreeCrmTest.takeScreenshot(FreeCrmTest.java:124)
at com.crm.qa.testcases.FreeCrmTest.takeScreenshot(FreeCrmTest.java:124)
at com.crm.qa.testcases.FreeCrmTest.takeScreenshot(FreeCrmTest.java:124)
at com.crm.qa.testcases.FreeCrmTest.takeScreenshot(FreeCrmTest.java:124)
at com.crm.qa.testcases.FreeCrmTest.takeScreenshot(FreeCrmTest.java:124)
at com.crm.qa.testcases.FreeCrmTest.takeScreenshot(FreeCrmTest.java:124)
at com.crm.qa.testcases.FreeCrmTest.takeScreenshot(FreeCrmTest.java:124)
at com.crm.qa.testcases.FreeCrmTest.takeScreenshot(FreeCrmTest.java:124)
at com.crm.qa.testcases.FreeCrmTest.takeScreenshot(FreeCrmTest.java:124)
at com.crm.qa.testcases.FreeCrmTest.takeScreenshot(FreeCrmTest.java:124)
at com.crm.qa.testcases.FreeCrmTest.takeScreenshot(FreeCrmTest.java:124)
at com.crm.qa.testcases.FreeCrmTest.takeScreenshot(FreeCrmTest.java:124)
at com.crm.qa.testcases.FreeCrmTest.takeScreenshot(FreeCrmTest.java:124)
at com.crm.qa.testcases.FreeCrmTest.takeScreenshot(FreeCrmTest.java:124)
at com.crm.qa.testcases.FreeCrmTest.takeScreenshot(FreeCrmTest.java:124)
at com.crm.qa.testcases.FreeCrmTest.takeScreenshot(FreeCrmTest.java:124)
at com.crm.qa.testcases.FreeCrmTest.takeScreenshot(FreeCrmTest.java:124)
at com.crm.qa.testcases.FreeCrmTest.takeScreenshot(FreeCrmTest.java:124)
at com.crm.qa.testcases.FreeCrmTest.takeScreenshot(FreeCrmTest.java:124)
at com.crm.qa.testcases.FreeCrmTest.takeScreenshot(FreeCrmTest.java:124)
at com.crm.qa.testcases.FreeCrmTest.takeScreenshot(FreeCrmTest.java:124)
at com.crm.qa.testcases.FreeCrmTest.takeScreenshot(FreeCrmTest.java:124)
at com.crm.qa.testcases.FreeCrmTest.takeScreenshot(FreeCrmTest.java:124)
at com.crm.qa.testcases.FreeCrmTest.takeScreenshot(FreeCrmTest.java:124)
at com.crm.qa.testcases.FreeCrmTest.takeScreenshot(FreeCrmTest.java:124)
at com.crm.qa.testcases.FreeCrmTest.takeScreenshot(FreeCrmTest.java:124)
at com.crm.qa.testcases.FreeCrmTest.takeScreenshot(FreeCrmTest.java:124)
at com.crm.qa.testcases.FreeCrmTest.takeScreenshot(FreeCrmTest.java:124)
at com.crm.qa.testcases.FreeCrmTest.takeScreenshot(FreeCrmTest.java:124)
at com.crm.qa.testcases.FreeCrmTest.takeScreenshot(FreeCrmTest.java:124)
at com.crm.qa.testcases.FreeCrmTest.takeScreenshot(FreeCrmTest.java:124)
at com.crm.qa.testcases.FreeCrmTest.takeScreenshot(FreeCrmTest.java:124)
at com.crm.qa.testcases.FreeCrmTest.takeScreenshot(FreeCrmTest.java:124)
at com.crm.qa.testcases.FreeCrmTest.takeScreenshot(FreeCrmTest.java:124)
at com.crm.qa.testcases.FreeCrmTest.takeScreenshot(FreeCrmTest.java:124)
at com.crm.qa.testcases.FreeCrmTest.takeScreenshot(FreeCrmTest.java:124)
at com.crm.qa.testcases.FreeCrmTest.takeScreenshot(FreeCrmTest.java:124)
at com.crm.qa.testcases.FreeCrmTest.takeScreenshot(FreeCrmTest.java:124)
at com.crm.qa.testcases.FreeCrmTest.takeScreenshot(FreeCrmTest.java:124)
at com.crm.qa.testcases.FreeCrmTest.takeScreenshot(FreeCrmTest.java:124)
at com.crm.qa.testcases.FreeCrmTest.takeScreenshot(FreeCrmTest.java:124)
at com.crm.qa.testcases.FreeCrmTest.takeScreenshot(FreeCrmTest.java:124)
at com.crm.qa.testcases.FreeCrmTest.takeScreenshot(FreeCrmTest.java:124)
at com.crm.qa.testcases.FreeCrmTest.takeScreenshot(FreeCrmTest.java:124)
at com.crm.qa.testcases.FreeCrmTest.takeScreenshot(FreeCrmTest.java:124)
at com.crm.qa.testcases.FreeCrmTest.takeScreenshot(FreeCrmTest.java:124)
at com.crm.qa.testcases.FreeCrmTest.takeScreenshot(FreeCrmTest.java:124)
at com.crm.qa.testcases.FreeCrmTest.takeScreenshot(FreeCrmTest.java:124)
at com.crm.qa.testcases.FreeCrmTest.takeScreenshot(FreeCrmTest.java:124)
at com.crm.qa.testcases.FreeCrmTest.takeScreenshot(FreeCrmTest.java:124)
at com.crm.qa.testcases.FreeCrmTest.takeScreenshot(FreeCrmTest.java:124)
at com.crm.qa.testcases.FreeCrmTest.takeScreenshot(FreeCrmTest.java:124)
at com.crm.qa.testcases.FreeCrmTest.takeScreenshot(FreeCrmTest.java:124)
at com.crm.qa.testcases.FreeCrmTest.takeScreenshot(FreeCrmTest.java:124)
at com.crm.qa.testcases.FreeCrmTest.takeScreenshot(FreeCrmTest.java:124)
at com.crm.qa.testcases.FreeCrmTest.takeScreenshot(FreeCrmTest.java:124)
at com.crm.qa.testcases.FreeCrmTest.takeScreenshot(FreeCrmTest.java:124)
at com.crm.qa.testcases.FreeCrmTest.takeScreenshot(FreeCrmTest.java:124)
at com.crm.qa.testcases.FreeCrmTest.takeScreenshot(FreeCrmTest.java:124)
at com.crm.qa.testcases.FreeCrmTest.takeScreenshot(FreeCrmTest.java:124)
at com.crm.qa.testcases.FreeCrmTest.takeScreenshot(FreeCrmTest.java:124)
at com.crm.qa.testcases.FreeCrmTest.takeScreenshot(FreeCrmTest.java:124)
at com.crm.qa.testcases.FreeCrmTest.takeScreenshot(FreeCrmTest.java:124)
at com.crm.qa.testcases.FreeCrmTest.takeScreenshot(FreeCrmTest.java:124)
at com.crm.qa.testcases.FreeCrmTest.takeScreenshot(FreeCrmTest.java:124)
at com.crm.qa.testcases.FreeCrmTest.takeScreenshot(FreeCrmTest.java:124)
at com.crm.qa.testcases.FreeCrmTest.takeScreenshot(FreeCrmTest.java:124)
at com.crm.qa.testcases.FreeCrmTest.takeScreenshot(FreeCrmTest.java:124)
at com.crm.qa.testcases.FreeCrmTest.takeScreenshot(FreeCrmTest.java:124)
at com.crm.qa.testcases.FreeCrmTest.takeScreenshot(FreeCrmTest.java:124)
at com.crm.qa.testcases.FreeCrmTest.takeScreenshot(FreeCrmTest.java:124)
at com.crm.qa.testcases.FreeCrmTest.takeScreenshot(FreeCrmTest.java:124)
at com.crm.qa.testcases.FreeCrmTest.takeScreenshot(FreeCrmTest.java:124)
at com.crm.qa.testcases.FreeCrmTest.takeScreenshot(FreeCrmTest.java:124)
at com.crm.qa.testcases.FreeCrmTest.takeScreenshot(FreeCrmTest.java:124)
at com.crm.qa.testcases.FreeCrmTest.takeScreenshot(FreeCrmTest.java:124)
at com.crm.qa.testcases.FreeCrmTest.takeScreenshot(FreeCrmTest.java:124)
at com.crm.qa.testcases.FreeCrmTest.takeScreenshot(FreeCrmTest.java:124)
at com.crm.qa.testcases.FreeCrmTest.takeScreenshot(FreeCrmTest.java:124)
at com.crm.qa.testcases.FreeCrmTest.takeScreenshot(FreeCrmTest.java:124)
at com.crm.qa.testcases.FreeCrmTest.takeScreenshot(FreeCrmTest.java:124)
at com.crm.qa.testcases.FreeCrmTest.takeScreenshot(FreeCrmTest.java:124)
at com.crm.qa.testcases.FreeCrmTest.takeScreenshot(FreeCrmTest.java:124)
at com.crm.qa.testcases.FreeCrmTest.takeScreenshot(FreeCrmTest.java:124)
at com.crm.qa.testcases.FreeCrmTest.takeScreenshot(FreeCrmTest.java:124)
at com.crm.qa.testcases.FreeCrmTest.takeScreenshot(FreeCrmTest.java:124)
at com.crm.qa.testcases.FreeCrmTest.takeScreenshot(FreeCrmTest.java:124)
at com.crm.qa.testcases.FreeCrmTest.takeScreenshot(FreeCrmTest.java:124)
at com.crm.qa.testcases.FreeCrmTest.takeScreenshot(FreeCrmTest.java:124)
at com.crm.qa.testcases.FreeCrmTest.takeScreenshot(FreeCrmTest.java:124)
at com.crm.qa.testcases.FreeCrmTest.takeScreenshot(FreeCrmTest.java:124)
at com.crm.qa.testcases.FreeCrmTest.takeScreenshot(FreeCrmTest.java:124)
at com.crm.qa.testcases.FreeCrmTest.takeScreenshot(FreeCrmTest.java:124)
at com.crm.qa.testcases.FreeCrmTest.takeScreenshot(FreeCrmTest.java:124)
at com.crm.qa.testcases.FreeCrmTest.takeScreenshot(FreeCrmTest.java:124)
at com.crm.qa.testcases.FreeCrmTest.takeScreenshot(FreeCrmTest.java:124)
at com.crm.qa.testcases.FreeCrmTest.takeScreenshot(FreeCrmTest.java:124)
at com.crm.qa.testcases.FreeCrmTest.takeScreenshot(FreeCrmTest.java:124)
at com.crm.qa.testcases.FreeCrmTest.takeScreenshot(FreeCrmTest.java:124)
at com.crm.qa.testcases.FreeCrmTest.takeScreenshot(FreeCrmTest.java:124)
at com.crm.qa.testcases.FreeCrmTest.takeScreenshot(FreeCrmTest.java:124)
at com.crm.qa.testcases.FreeCrmTest.takeScreenshot(FreeCrmTest.java:124)
at com.crm.qa.testcases.FreeCrmTest.takeScreenshot(FreeCrmTest.java:124)
at com.crm.qa.testcases.FreeCrmTest.takeScreenshot(FreeCrmTest.java:124)
at com.crm.qa.testcases.FreeCrmTest.takeScreenshot(FreeCrmTest.java:124)
at com.crm.qa.testcases.FreeCrmTest.takeScreenshot(FreeCrmTest.java:124)
at com.crm.qa.testcases.FreeCrmTest.takeScreenshot(FreeCrmTest.java:124)
at com.crm.qa.testcases.FreeCrmTest.takeScreenshot(FreeCrmTest.java:124)
at com.crm.qa.testcases.FreeCrmTest.takeScreenshot(FreeCrmTest.java:124)
at com.crm.qa.testcases.FreeCrmTest.takeScreenshot(FreeCrmTest.java:124)
at com.crm.qa.testcases.FreeCrmTest.takeScreenshot(FreeCrmTest.java:124)
at com.crm.qa.testcases.FreeCrmTest.takeScreenshot(FreeCrmTest.java:124)
at com.crm.qa.testcases.FreeCrmTest.takeScreenshot(FreeCrmTest.java:124)
at com.crm.qa.testcases.FreeCrmTest.takeScreenshot(FreeCrmTest.java:124)
at com.crm.qa.testcases.FreeCrmTest.takeScreenshot(FreeCrmTest.java:124)
at com.crm.qa.testcases.FreeCrmTest.takeScreenshot(FreeCrmTest.java:124)
at com.crm.qa.testcases.FreeCrmTest.takeScreenshot(FreeCrmTest.java:124)
at com.crm.qa.testcases.FreeCrmTest.takeScreenshot(FreeCrmTest.java:124)
at com.crm.qa.testcases.FreeCrmTest.takeScreenshot(FreeCrmTest.java:124)
at com.crm.qa.testcases.FreeCrmTest.takeScreenshot(FreeCrmTest.java:124)
at com.crm.qa.testcases.FreeCrmTest.takeScreenshot(FreeCrmTest.java:124)
at com.crm.qa.testcases.FreeCrmTest.takeScreenshot(FreeCrmTest.java:124)
at com.crm.qa.testcases.FreeCrmTest.takeScreenshot(FreeCrmTest.java:124)
at com.crm.qa.testcases.FreeCrmTest.takeScreenshot(FreeCrmTest.java:124)
at com.crm.qa.testcases.FreeCrmTest.takeScreenshot(FreeCrmTest.java:124)
at com.crm.qa.testcases.FreeCrmTest.takeScreenshot(FreeCrmTest.java:124)
at com.crm.qa.testcases.FreeCrmTest.takeScreenshot(FreeCrmTest.java:124)
at com.crm.qa.testcases.FreeCrmTest.takeScreenshot(FreeCrmTest.java:124)
at com.crm.qa.testcases.FreeCrmTest.takeScreenshot(FreeCrmTest.java:124)
at com.crm.qa.testcases.FreeCrmTest.takeScreenshot(FreeCrmTest.java:124)
at com.crm.qa.testcases.FreeCrmTest.takeScreenshot(FreeCrmTest.java:124)
at com.crm.qa.testcases.FreeCrmTest.takeScreenshot(FreeCrmTest.java:124)
at com.crm.qa.testcases.FreeCrmTest.takeScreenshot(FreeCrmTest.java:124)
at com.crm.qa.testcases.FreeCrmTest.takeScreenshot(FreeCrmTest.java:124)
at com.crm.qa.testcases.FreeCrmTest.takeScreenshot(FreeCrmTest.java:124)
at com.crm.qa.testcases.FreeCrmTest.takeScreenshot(FreeCrmTest.java:124)
at com.crm.qa.testcases.FreeCrmTest.takeScreenshot(FreeCrmTest.java:124)
at com.crm.qa.testcases.FreeCrmTest.takeScreenshot(FreeCrmTest.java:124)
at com.crm.qa.testcases.FreeCrmTest.takeScreenshot(FreeCrmTest.java:124)
at com.crm.qa.testcases.FreeCrmTest.takeScreenshot(FreeCrmTest.java:124)
at com.crm.qa.testcases.FreeCrmTest.takeScreenshot(FreeCrmTest.java:124)
at com.crm.qa.testcases.FreeCrmTest.takeScreenshot(FreeCrmTest.java:124)
at com.crm.qa.testcases.FreeCrmTest.takeScreenshot(FreeCrmTest.java:124)
at com.crm.qa.testcases.FreeCrmTest.takeScreenshot(FreeCrmTest.java:124)
at com.crm.qa.testcases.FreeCrmTest.takeScreenshot(FreeCrmTest.java:124)
at com.crm.qa.testcases.FreeCrmTest.takeScreenshot(FreeCrmTest.java:124)
at com.crm.qa.testcases.FreeCrmTest.takeScreenshot(FreeCrmTest.java:124)
at com.crm.qa.testcases.FreeCrmTest.takeScreenshot(FreeCrmTest.java:124)
at com.crm.qa.testcases.FreeCrmTest.takeScreenshot(FreeCrmTest.java:124)
at com.crm.qa.testcases.FreeCrmTest.takeScreenshot(FreeCrmTest.java:124)
at com.crm.qa.testcases.FreeCrmTest.takeScreenshot(FreeCrmTest.java:124)
at com.crm.qa.testcases.FreeCrmTest.takeScreenshot(FreeCrmTest.java:124)
at com.crm.qa.testcases.FreeCrmTest.takeScreenshot(FreeCrmTest.java:124)
at com.crm.qa.testcases.FreeCrmTest.takeScreenshot(FreeCrmTest.java:124)
at com.crm.qa.testcases.FreeCrmTest.takeScreenshot(FreeCrmTest.java:124)
at com.crm.qa.testcases.FreeCrmTest.takeScreenshot(FreeCrmTest.java:124)
at com.crm.qa.testcases.FreeCrmTest.takeScreenshot(FreeCrmTest.java:124)
at com.crm.qa.testcases.FreeCrmTest.takeScreenshot(FreeCrmTest.java:124)
at com.crm.qa.testcases.FreeCrmTest.takeScreenshot(FreeCrmTest.java:124)
at com.crm.qa.testcases.FreeCrmTest.takeScreenshot(FreeCrmTest.java:124)
at com.crm.qa.testcases.FreeCrmTest.takeScreenshot(FreeCrmTest.java:124)
at com.crm.qa.testcases.FreeCrmTest.takeScreenshot(FreeCrmTest.java:124)
at com.crm.qa.testcases.FreeCrmTest.takeScreenshot(FreeCrmTest.java:124)
at com.crm.qa.testcases.FreeCrmTest.takeScreenshot(FreeCrmTest.java:124)
at com.crm.qa.testcases.FreeCrmTest.takeScreenshot(FreeCrmTest.java:124)
at com.crm.qa.testcases.FreeCrmTest.takeScreenshot(FreeCrmTest.java:124)
at com.crm.qa.testcases.FreeCrmTest.takeScreenshot(FreeCrmTest.java:124)
at com.crm.qa.testcases.FreeCrmTest.takeScreenshot(FreeCrmTest.java:124)
at com.crm.qa.testcases.FreeCrmTest.takeScreenshot(FreeCrmTest.java:124)
at com.crm.qa.testcases.FreeCrmTest.takeScreenshot(FreeCrmTest.java:124)
at com.crm.qa.testcases.FreeCrmTest.takeScreenshot(FreeCrmTest.java:124)
at com.crm.qa.testcases.FreeCrmTest.takeScreenshot(FreeCrmTest.java:124)
at com.crm.qa.testcases.FreeCrmTest.takeScreenshot(FreeCrmTest.java:124)
at com.crm.qa.testcases.FreeCrmTest.takeScreenshot(FreeCrmTest.java:124)
at com.crm.qa.testcases.FreeCrmTest.takeScreenshot(FreeCrmTest.java:124)
at com.crm.qa.testcases.FreeCrmTest.takeScreenshot(FreeCrmTest.java:124)
at com.crm.qa.testcases.FreeCrmTest.takeScreenshot(FreeCrmTest.java:124)
at com.crm.qa.testcases.FreeCrmTest.takeScreenshot(FreeCrmTest.java:124)
at com.crm.qa.testcases.FreeCrmTest.takeScreenshot(FreeCrmTest.java:124)
at com.crm.qa.testcases.FreeCrmTest.takeScreenshot(FreeCrmTest.java:124)
at com.crm.qa.testcases.FreeCrmTest.takeScreenshot(FreeCrmTest.java:124)
at com.crm.qa.testcases.FreeCrmTest.takeScreenshot(FreeCrmTest.java:124)
at com.crm.qa.testcases.FreeCrmTest.takeScreenshot(FreeCrmTest.java:124)
at com.crm.qa.testcases.FreeCrmTest.takeScreenshot(FreeCrmTest.java:124)
at com.crm.qa.testcases.FreeCrmTest.takeScreenshot(FreeCrmTest.java:124)
at com.crm.qa.testcases.FreeCrmTest.takeScreenshot(FreeCrmTest.java:124)
at com.crm.qa.testcases.FreeCrmTest.takeScreenshot(FreeCrmTest.java:124)
at com.crm.qa.testcases.FreeCrmTest.takeScreenshot(FreeCrmTest.java:124)
at com.crm.qa.testcases.FreeCrmTest.takeScreenshot(FreeCrmTest.java:124)
at com.crm.qa.testcases.FreeCrmTest.takeScreenshot(FreeCrmTest.java:124)
at com.crm.qa.testcases.FreeCrmTest.takeScreenshot(FreeCrmTest.java:124)
at com.crm.qa.testcases.FreeCrmTest.takeScreenshot(FreeCrmTest.java:124)
at com.crm.qa.testcases.FreeCrmTest.takeScreenshot(FreeCrmTest.java:124)
at com.crm.qa.testcases.FreeCrmTest.takeScreenshot(FreeCrmTest.java:124)
at com.crm.qa.testcases.FreeCrmTest.takeScreenshot(FreeCrmTest.java:124)
at com.crm.qa.testcases.FreeCrmTest.takeScreenshot(FreeCrmTest.java:124)
at com.crm.qa.testcases.FreeCrmTest.takeScreenshot(FreeCrmTest.java:124)
at com.crm.qa.testcases.FreeCrmTest.takeScreenshot(FreeCrmTest.java:124)
at com.crm.qa.testcases.FreeCrmTest.takeScreenshot(FreeCrmTest.java:124)
at com.crm.qa.testcases.FreeCrmTest.takeScreenshot(FreeCrmTest.java:124)
at com.crm.qa.testcases.FreeCrmTest.takeScreenshot(FreeCrmTest.java:124)
at com.crm.qa.testcases.FreeCrmTest.takeScreenshot(FreeCrmTest.java:124)
at com.crm.qa.testcases.FreeCrmTest.takeScreenshot(FreeCrmTest.java:124)
at com.crm.qa.testcases.FreeCrmTest.takeScreenshot(FreeCrmTest.java:124)
at com.crm.qa.testcases.FreeCrmTest.takeScreenshot(FreeCrmTest.java:124)
at com.crm.qa.testcases.FreeCrmTest.takeScreenshot(FreeCrmTest.java:124)
at com.crm.qa.testcases.FreeCrmTest.takeScreenshot(FreeCrmTest.java:124)
at com.crm.qa.testcases.FreeCrmTest.takeScreenshot(FreeCrmTest.java:124)
at com.crm.qa.testcases.FreeCrmTest.takeScreenshot(FreeCrmTest.java:124)
at com.crm.qa.testcases.FreeCrmTest.takeScreenshot(FreeCrmTest.java:124)
at com.crm.qa.testcases.FreeCrmTest.takeScreenshot(FreeCrmTest.java:124)
at com.crm.qa.testcases.FreeCrmTest.takeScreenshot(FreeCrmTest.java:124)
at com.crm.qa.testcases.FreeCrmTest.takeScreenshot(FreeCrmTest.java:124)
at com.crm.qa.testcases.FreeCrmTest.takeScreenshot(FreeCrmTest.java:124)
at com.crm.qa.testcases.FreeCrmTest.takeScreenshot(FreeCrmTest.java:124)
at com.crm.qa.testcases.FreeCrmTest.takeScreenshot(FreeCrmTest.java:124)
at com.crm.qa.testcases.FreeCrmTest.takeScreenshot(FreeCrmTest.java:124)
at com.crm.qa.testcases.FreeCrmTest.takeScreenshot(FreeCrmTest.java:124)
at com.crm.qa.testcases.FreeCrmTest.takeScreenshot(FreeCrmTest.java:124)
at com.crm.qa.testcases.FreeCrmTest.takeScreenshot(FreeCrmTest.java:124)
at com.crm.qa.testcases.FreeCrmTest.takeScreenshot(FreeCrmTest.java:124)
at com.crm.qa.testcases.FreeCrmTest.takeScreenshot(FreeCrmTest.java:124)
at com.crm.qa.testcases.FreeCrmTest.takeScreenshot(FreeCrmTest.java:124)
at com.crm.qa.testcases.FreeCrmTest.takeScreenshot(FreeCrmTest.java:124)
at com.crm.qa.testcases.FreeCrmTest.takeScreenshot(FreeCrmTest.java:124)
at com.crm.qa.testcases.FreeCrmTest.takeScreenshot(FreeCrmTest.java:124)
at com.crm.qa.testcases.FreeCrmTest.takeScreenshot(FreeCrmTest.java:124)
at com.crm.qa.testcases.FreeCrmTest.takeScreenshot(FreeCrmTest.java:124)
at com.crm.qa.testcases.FreeCrmTest.takeScreenshot(FreeCrmTest.java:124)
at com.crm.qa.testcases.FreeCrmTest.takeScreenshot(FreeCrmTest.java:124)
at com.crm.qa.testcases.FreeCrmTest.takeScreenshot(FreeCrmTest.java:124)
at com.crm.qa.testcases.FreeCrmTest.takeScreenshot(FreeCrmTest.java:124)
at com.crm.qa.testcases.FreeCrmTest.takeScreenshot(FreeCrmTest.java:124)
at com.crm.qa.testcases.FreeCrmTest.takeScreenshot(FreeCrmTest.java:124)
at com.crm.qa.testcases.FreeCrmTest.takeScreenshot(FreeCrmTest.java:124)
at com.crm.qa.testcases.FreeCrmTest.takeScreenshot(FreeCrmTest.java:124)
]]>
    </error>
  </testcase> <!-- freeCrmTitleTest -->
  <testcase name="takeScreenshot" time="0.000" classname="com.crm.qa.testcases.FreeCrmTest">
    <error type="org.testng.TestNGException" message="
Can inject only one of &lt;ITestContext, XmlTest, Method, Object[], ITestResult&gt; into a @AfterMethod annotated takeScreenshot.
For more information on native dependency injection please refer to http://testng.org/doc/documentation-main.html#native-dependency-injection">
      <![CDATA[org.testng.TestNGException: 
Can inject only one of <ITestContext, XmlTest, Method, Object[], ITestResult> into a @AfterMethod annotated takeScreenshot.
For more information on native dependency injection please refer to http://testng.org/doc/documentation-main.html#native-dependency-injection
at org.testng.internal.Parameters.checkParameterTypes(Parameters.java:407)
at org.testng.internal.Parameters.createParametersForMethod(Parameters.java:356)
at org.testng.internal.Parameters.createParameters(Parameters.java:635)
at org.testng.internal.Parameters.createConfigurationParameters(Parameters.java:190)
at org.testng.internal.Invoker.invokeConfigurations(Invoker.java:209)
at org.testng.internal.Invoker.invokeMethod(Invoker.java:643)
at org.testng.internal.Invoker.invokeTestMethod(Invoker.java:716)
at org.testng.internal.Invoker.invokeTestMethods(Invoker.java:988)
at org.testng.internal.TestMethodWorker.invokeTestMethods(TestMethodWorker.java:125)
at org.testng.internal.TestMethodWorker.run(TestMethodWorker.java:109)
at org.testng.TestRunner.privateRun(TestRunner.java:648)
at org.testng.TestRunner.run(TestRunner.java:505)
at org.testng.SuiteRunner.runTest(SuiteRunner.java:455)
at org.testng.SuiteRunner.runSequentially(SuiteRunner.java:450)
at org.testng.SuiteRunner.privateRun(SuiteRunner.java:415)
at org.testng.SuiteRunner.run(SuiteRunner.java:364)
at org.testng.SuiteRunnerWorker.runSuite(SuiteRunnerWorker.java:52)
at org.testng.SuiteRunnerWorker.run(SuiteRunnerWorker.java:84)
at org.testng.TestNG.runSuitesSequentially(TestNG.java:1208)
at org.testng.TestNG.runSuitesLocally(TestNG.java:1137)
at org.testng.TestNG.runSuites(TestNG.java:1049)
at org.testng.TestNG.run(TestNG.java:1017)
at org.testng.remote.AbstractRemoteTestNG.run(AbstractRemoteTestNG.java:114)
at org.testng.remote.RemoteTestNG.initAndRun(RemoteTestNG.java:251)
at org.testng.remote.RemoteTestNG.main(RemoteTestNG.java:77)
]]>
    </error>
  </testcase> <!-- takeScreenshot -->
</testsuite> <!-- com.crm.qa.testcases.FreeCrmTest -->
