<?xml version="1.0" encoding="UTF-8"?>
<!-- Generated by org.testng.reporters.JUnitReportReporter -->
<testsuite skipped="0" hostname="RavindraTDV3700LNo06" name="com.crm.qa.testcases.HomePageTest" tests="1" failures="0" timestamp="21 Nov 2018 04:52:35 GMT" time="13.244" errors="0">
  <testcase name="verifyHomePageTitleTest" time="13.244" classname="com.crm.qa.testcases.HomePageTest"/>
</testsuite> <!-- com.crm.qa.testcases.HomePageTest -->
